Using pre-set license
Built from '2022.3/china_unity/release' branch; Version is '2022.3.8f1c1 (4ec8ee1b2212) revision 5163246'; Using compiler version '192829333'; Build Type 'Release'
OS: 'Windows 11  (10.0.22621) 64bit CoreCountrySpecific' Language: 'zh' Physical Memory: 15585 MB
BatchMode: 1, IsHumanControllingUs: 0, StartBugReporterOnCrash: 0, Is64bit: 1, IsPro: 1

COMMAND LINE ARGUMENTS:
C:\tmp\2022.3.8f1c1\Editor\Unity.exe
-adb2
-batchMode
-noUpm
-name
AssetImportWorker0
-projectPath
D:/project/games103boss-master
-logFile
Logs/AssetImportWorker0.log
-srvPort
64594
Successfully changed project path to: D:/project/games103boss-master
D:/project/games103boss-master
[UnityMemory] Configuration Parameters - Can be set up in boot.config
    "memorysetup-bucket-allocator-granularity=16"
    "memorysetup-bucket-allocator-bucket-count=8"
    "memorysetup-bucket-allocator-block-size=33554432"
    "memorysetup-bucket-allocator-block-count=8"
    "memorysetup-main-allocator-block-size=16777216"
    "memorysetup-thread-allocator-block-size=16777216"
    "memorysetup-gfx-main-allocator-block-size=16777216"
    "memorysetup-gfx-thread-allocator-block-size=16777216"
    "memorysetup-cache-allocator-block-size=4194304"
    "memorysetup-typetree-allocator-block-size=2097152"
    "memorysetup-profiler-bucket-allocator-granularity=16"
    "memorysetup-profiler-bucket-allocator-bucket-count=8"
    "memorysetup-profiler-bucket-allocator-block-size=33554432"
    "memorysetup-profiler-bucket-allocator-block-count=8"
    "memorysetup-profiler-allocator-block-size=16777216"
    "memorysetup-profiler-editor-allocator-block-size=1048576"
    "memorysetup-temp-allocator-size-main=16777216"
    "memorysetup-job-temp-allocator-block-size=2097152"
    "memorysetup-job-temp-allocator-block-size-background=1048576"
    "memorysetup-job-temp-allocator-reduction-small-platforms=262144"
    "memorysetup-allocator-temp-initial-block-size-main=262144"
    "memorysetup-allocator-temp-initial-block-size-worker=262144"
    "memorysetup-temp-allocator-size-background-worker=32768"
    "memorysetup-temp-allocator-size-job-worker=262144"
    "memorysetup-temp-allocator-size-preload-manager=33554432"
    "memorysetup-temp-allocator-size-nav-mesh-worker=65536"
    "memorysetup-temp-allocator-size-audio-worker=65536"
    "memorysetup-temp-allocator-size-cloud-worker=32768"
    "memorysetup-temp-allocator-size-gi-baking-worker=262144"
    "memorysetup-temp-allocator-size-gfx=262144"
Player connection [37328] Host "[IP] 192.168.56.1 [Port] 0 [Flags] 2 [Guid] 2444692535 [EditorId] 2444692535 [Version] 1048832 [Id] WindowsEditor(7,LAPTOP-UG16INE7) [Debug] 1 [PackageName] WindowsEditor [ProjectName] Editor" joined multi-casting on [225.0.0.222:54997]...

Player connection [37328] Host "[IP] 192.168.56.1 [Port] 0 [Flags] 2 [Guid] 2444692535 [EditorId] 2444692535 [Version] 1048832 [Id] WindowsEditor(7,LAPTOP-UG16INE7) [Debug] 1 [PackageName] WindowsEditor [ProjectName] Editor" joined alternative multi-casting on [225.0.0.222:34997]...

[Physics::Module] Initialized MultithreadedJobDispatcher with 15 workers.
Refreshing native plugins compatible for Editor in 12.04 ms, found 3 plugins.
Preloading 0 native plugins for Editor in 0.00 ms.
Initialize engine version: 2022.3.8f1c1 (4ec8ee1b2212)
[Subsystems] Discovering subsystems at path C:/tmp/2022.3.8f1c1/Editor/Data/Resources/UnitySubsystems
[Subsystems] Discovering subsystems at path D:/project/games103boss-master/Assets
GfxDevice: creating device client; threaded=0; jobified=0
Direct3D:
    Version:  Direct3D 11.0 [level 11.1]
    Renderer: NVIDIA GeForce RTX 4060 Laptop GPU (ID=0x28e0)
    Vendor:   NVIDIA
    VRAM:     7971 MB
    Driver:   31.0.15.3713
Initialize mono
Mono path[0] = 'C:/tmp/2022.3.8f1c1/Editor/Data/Managed'
Mono path[1] = 'C:/tmp/2022.3.8f1c1/Editor/Data/MonoBleedingEdge/lib/mono/unityjit-win32'
Mono config path = 'C:/tmp/2022.3.8f1c1/Editor/Data/MonoBleedingEdge/etc'
Using monoOptions --debugger-agent=transport=dt_socket,embedding=1,server=y,suspend=n,address=127.0.0.1:56044
Begin MonoManager ReloadAssembly
Registering precompiled unity dll's ...
Register platform support module: C:/tmp/2022.3.8f1c1/Editor/Data/PlaybackEngines/WebGLSupport/UnityEditor.WebGL.Extensions.dll
Register platform support module: C:/tmp/2022.3.8f1c1/Editor/Data/PlaybackEngines/WindowsStandaloneSupport/UnityEditor.WindowsStandalone.Extensions.dll
Registered in 0.011071 seconds.
- Loaded All Assemblies, in  0.269 seconds
Native extension for WindowsStandalone target not found
Native extension for WebGL target not found
Mono: successfully reloaded assembly
- Finished resetting the current domain, in  0.180 seconds
Domain Reload Profiling: 447ms
	BeginReloadAssembly (82ms)
		ExecutionOrderSort (0ms)
		DisableScriptedObjects (0ms)
		BackupInstance (0ms)
		ReleaseScriptingObjects (0ms)
		CreateAndSetChildDomain (1ms)
	RebuildCommonClasses (22ms)
	RebuildNativeTypeToScriptingClass (7ms)
	initialDomainReloadingComplete (51ms)
	LoadAllAssembliesAndSetupDomain (103ms)
		LoadAssemblies (79ms)
		RebuildTransferFunctionScriptingTraits (0ms)
		AnalyzeDomain (102ms)
			TypeCache.Refresh (100ms)
				TypeCache.ScanAssembly (90ms)
			ScanForSourceGeneratedMonoScriptInfo (0ms)
			ResolveRequiredComponents (0ms)
	FinalizeReload (181ms)
		ReleaseScriptCaches (0ms)
		RebuildScriptCaches (0ms)
		SetupLoadedEditorAssemblies (140ms)
			LogAssemblyErrors (0ms)
			InitializePlatformSupportModulesInManaged (8ms)
			SetLoadedEditorAssemblies (4ms)
			RefreshPlugins (0ms)
			BeforeProcessingInitializeOnLoad (1ms)
			ProcessInitializeOnLoadAttributes (90ms)
			ProcessInitializeOnLoadMethodAttributes (37ms)
			AfterProcessingInitializeOnLoad (0ms)
			EditorAssembliesLoaded (0ms)
		ExecutionOrderSort2 (0ms)
		AwakeInstancesAfterBackupRestoration (0ms)
========================================================================
Worker process is ready to serve import requests
Begin MonoManager ReloadAssembly
- Loaded All Assemblies, in  0.451 seconds
Refreshing native plugins compatible for Editor in 2.23 ms, found 3 plugins.
Native extension for WindowsStandalone target not found
Native extension for WebGL target not found
Package Manager log level set to [2]
[Package Manager] Server::EnsureServerProcessIsRunning -- launch failed, reason: Unity was launched with the -noUpm command-line argument
[Package Manager] UpmClient::Send -- Unable to send message (not connected to UPM process).
[Package Manager] Cannot connect to Unity Package Manager local server
Mono: successfully reloaded assembly
- Finished resetting the current domain, in  0.483 seconds
Domain Reload Profiling: 930ms
	BeginReloadAssembly (111ms)
		ExecutionOrderSort (0ms)
		DisableScriptedObjects (3ms)
		BackupInstance (0ms)
		ReleaseScriptingObjects (0ms)
		CreateAndSetChildDomain (20ms)
	RebuildCommonClasses (24ms)
	RebuildNativeTypeToScriptingClass (7ms)
	initialDomainReloadingComplete (32ms)
	LoadAllAssembliesAndSetupDomain (273ms)
		LoadAssemblies (216ms)
		RebuildTransferFunctionScriptingTraits (0ms)
		AnalyzeDomain (120ms)
			TypeCache.Refresh (108ms)
				TypeCache.ScanAssembly (97ms)
			ScanForSourceGeneratedMonoScriptInfo (9ms)
			ResolveRequiredComponents (2ms)
	FinalizeReload (483ms)
		ReleaseScriptCaches (0ms)
		RebuildScriptCaches (0ms)
		SetupLoadedEditorAssemblies (382ms)
			LogAssemblyErrors (0ms)
			InitializePlatformSupportModulesInManaged (5ms)
			SetLoadedEditorAssemblies (2ms)
			RefreshPlugins (0ms)
			BeforeProcessingInitializeOnLoad (47ms)
			ProcessInitializeOnLoadAttributes (307ms)
			ProcessInitializeOnLoadMethodAttributes (12ms)
			AfterProcessingInitializeOnLoad (9ms)
			EditorAssembliesLoaded (0ms)
		ExecutionOrderSort2 (0ms)
		AwakeInstancesAfterBackupRestoration (5ms)
Launched and connected shader compiler UnityShaderCompiler.exe after 0.05 seconds
Refreshing native plugins compatible for Editor in 3.33 ms, found 3 plugins.
Preloading 0 native plugins for Editor in 0.00 ms.
Unloading 3084 Unused Serialized files (Serialized files now loaded: 0)
Unloading 32 unused Assets / (96.4 KB). Loaded Objects now: 3550.
Memory consumption went from 117.4 MB to 117.3 MB.
Total: 2.570200 ms (FindLiveObjects: 0.212300 ms CreateObjectMapping: 0.052800 ms MarkObjects: 2.195700 ms  DeleteObjects: 0.108700 ms)

AssetImportParameters requested are different than current active one (requested -> active):
  custom:container-demuxer-ogg: 62fdf1f143b41e24485cea50d1cbac27 -> 
  custom:video-codec-MediaFoundation-h265: 746d11721c4dcdbdad8f713fa42b33f4 -> 
  custom:video-decoder-ogg-theora: a1e56fd34408186e4bbccfd4996cb3dc -> 
  custom:framework-win-MediaFoundation: 216162199b28c13a410421893ffa2e32 -> 
  custom:CustomObjectIndexerAttribute: 756ad292c208cfabdd7b50bc23989ffe -> 
  custom:container-demuxer-webm: 4f35f7cbe854078d1ac9338744f61a02 -> 
  custom:container-muxer-webm: aa71ff27fc2769a1b78a27578f13a17b -> 
  custom:video-decoder-webm-vp8: 9c59270c3fd7afecdb556c50c9e8de78 -> 
  custom:SearchIndexIgnoredProperties: e643bd26f0fe6173181afceb89e7c659 -> 
  custom:AudioImporter_EditorPlatform: d09bf68614088b80899f8185d706f6e7 -> 
  custom:video-encoder-webm-vp8: eb34c28f22e8b96e1ab97ce403110664 -> 
  custom:audio-decoder-ogg-vorbis: bf7c407c2cedff20999df2af8eb42d56 -> 
  custom:audio-encoder-webm-vorbis: bf7c407c2cedff20999df2af8eb42d56 -> 
========================================================================
Received Import Request.
  Time since last request: 2827113.676091 seconds.
  path: Assets/Shader/Chapter12-Bloom.shader
  artifactKey: Guid(c895e0a1873df674ab4010211954b98d) Importer(815301076,1909f56bfc062723c751e8b465ee728b)
Start importing Assets/Shader/Chapter12-Bloom.shader using Guid(c895e0a1873df674ab4010211954b98d) Importer(815301076,1909f56bfc062723c751e8b465ee728b)  -> (artifact id: '9e99dccb85bcd5ad5c7942170b601858') in 0.008863 seconds
Number of updated asset objects reloaded before import = 0
Number of asset objects unloaded after import = 1
========================================================================
Received Import Request.
  Time since last request: 2.319146 seconds.
  path: Assets/Shader/Bloom.shader
  artifactKey: Guid(c895e0a1873df674ab4010211954b98d) Importer(815301076,1909f56bfc062723c751e8b465ee728b)
Start importing Assets/Shader/Bloom.shader using Guid(c895e0a1873df674ab4010211954b98d) Importer(815301076,1909f56bfc062723c751e8b465ee728b)  -> (artifact id: '90301d15a569221216c2c40037c80d1f') in 0.001157 seconds
Number of updated asset objects reloaded before import = 0
Number of asset objects unloaded after import = 1
========================================================================
Received Import Request.
  Time since last request: 0.046327 seconds.
  path: Assets/Shader/Bloom.cs
  artifactKey: Guid(0453083f25bb4a74a8c0f41a15a3c981) Importer(815301076,1909f56bfc062723c751e8b465ee728b)
Start importing Assets/Shader/Bloom.cs using Guid(0453083f25bb4a74a8c0f41a15a3c981) Importer(815301076,1909f56bfc062723c751e8b465ee728b)  -> (artifact id: 'ccff9bb1da1a7d96314faa6d154f703a') in 0.000497 seconds
Number of updated asset objects reloaded before import = 0
Number of asset objects unloaded after import = 0
========================================================================
Received Import Request.
  Time since last request: 18.177269 seconds.
  path: Assets/Shader/Bloom.shader
  artifactKey: Guid(c895e0a1873df674ab4010211954b98d) Importer(815301076,1909f56bfc062723c751e8b465ee728b)
Start importing Assets/Shader/Bloom.shader using Guid(c895e0a1873df674ab4010211954b98d) Importer(815301076,1909f56bfc062723c751e8b465ee728b)  -> (artifact id: '4e15e7db8d9ffcd9aca978b57fcba185') in 0.001250 seconds
Number of updated asset objects reloaded before import = 0
Number of asset objects unloaded after import = 1
========================================================================
Received Prepare
Begin MonoManager ReloadAssembly
- Loaded All Assemblies, in  0.321 seconds
Refreshing native plugins compatible for Editor in 2.46 ms, found 3 plugins.
Native extension for WindowsStandalone target not found
Native extension for WebGL target not found
[Package Manager] Server::EnsureServerProcessIsRunning -- launch failed, reason: Unity was launched with the -noUpm command-line argument
[Package Manager] UpmClient::Send -- Unable to send message (not connected to UPM process).
[Package Manager] Cannot connect to Unity Package Manager local server
Mono: successfully reloaded assembly
- Finished resetting the current domain, in  0.661 seconds
Domain Reload Profiling: 978ms
	BeginReloadAssembly (120ms)
		ExecutionOrderSort (0ms)
		DisableScriptedObjects (3ms)
		BackupInstance (0ms)
		ReleaseScriptingObjects (0ms)
		CreateAndSetChildDomain (29ms)
	RebuildCommonClasses (23ms)
	RebuildNativeTypeToScriptingClass (10ms)
	initialDomainReloadingComplete (23ms)
	LoadAllAssembliesAndSetupDomain (142ms)
		LoadAssemblies (197ms)
		RebuildTransferFunctionScriptingTraits (0ms)
		AnalyzeDomain (6ms)
			TypeCache.Refresh (3ms)
				TypeCache.ScanAssembly (0ms)
			ScanForSourceGeneratedMonoScriptInfo (0ms)
			ResolveRequiredComponents (2ms)
	FinalizeReload (661ms)
		ReleaseScriptCaches (0ms)
		RebuildScriptCaches (0ms)
		SetupLoadedEditorAssemblies (358ms)
			LogAssemblyErrors (0ms)
			InitializePlatformSupportModulesInManaged (5ms)
			SetLoadedEditorAssemblies (3ms)
			RefreshPlugins (0ms)
			BeforeProcessingInitializeOnLoad (39ms)
			ProcessInitializeOnLoadAttributes (291ms)
			ProcessInitializeOnLoadMethodAttributes (12ms)
			AfterProcessingInitializeOnLoad (8ms)
			EditorAssembliesLoaded (0ms)
		ExecutionOrderSort2 (0ms)
		AwakeInstancesAfterBackupRestoration (5ms)
Refreshing native plugins compatible for Editor in 3.40 ms, found 3 plugins.
Preloading 0 native plugins for Editor in 0.00 ms.
Unloading 3074 Unused Serialized files (Serialized files now loaded: 0)
Unloading 23 unused Assets / (68.9 KB). Loaded Objects now: 3554.
Memory consumption went from 115.8 MB to 115.7 MB.
Total: 3.217000 ms (FindLiveObjects: 0.299800 ms CreateObjectMapping: 0.084100 ms MarkObjects: 2.736900 ms  DeleteObjects: 0.095100 ms)

Prepare: number of updated asset objects reloaded= 0
AssetImportParameters requested are different than current active one (requested -> active):
  custom:container-demuxer-ogg: 62fdf1f143b41e24485cea50d1cbac27 -> 
  custom:video-codec-MediaFoundation-h265: 746d11721c4dcdbdad8f713fa42b33f4 -> 
  custom:video-decoder-ogg-theora: a1e56fd34408186e4bbccfd4996cb3dc -> 
  custom:framework-win-MediaFoundation: 216162199b28c13a410421893ffa2e32 -> 
  custom:CustomObjectIndexerAttribute: 756ad292c208cfabdd7b50bc23989ffe -> 
  custom:container-demuxer-webm: 4f35f7cbe854078d1ac9338744f61a02 -> 
  custom:container-muxer-webm: aa71ff27fc2769a1b78a27578f13a17b -> 
  custom:video-decoder-webm-vp8: 9c59270c3fd7afecdb556c50c9e8de78 -> 
  custom:SearchIndexIgnoredProperties: e643bd26f0fe6173181afceb89e7c659 -> 
  custom:AudioImporter_EditorPlatform: d09bf68614088b80899f8185d706f6e7 -> 
  custom:video-encoder-webm-vp8: eb34c28f22e8b96e1ab97ce403110664 -> 
  custom:audio-decoder-ogg-vorbis: bf7c407c2cedff20999df2af8eb42d56 -> 
  custom:audio-encoder-webm-vorbis: bf7c407c2cedff20999df2af8eb42d56 -> 
========================================================================
Received Prepare
Begin MonoManager ReloadAssembly
- Loaded All Assemblies, in  0.307 seconds
Refreshing native plugins compatible for Editor in 2.19 ms, found 3 plugins.
Native extension for WindowsStandalone target not found
Native extension for WebGL target not found
[Package Manager] Server::EnsureServerProcessIsRunning -- launch failed, reason: Unity was launched with the -noUpm command-line argument
[Package Manager] UpmClient::Send -- Unable to send message (not connected to UPM process).
[Package Manager] Cannot connect to Unity Package Manager local server
Mono: successfully reloaded assembly
- Finished resetting the current domain, in  0.645 seconds
Domain Reload Profiling: 949ms
	BeginReloadAssembly (117ms)
		ExecutionOrderSort (0ms)
		DisableScriptedObjects (3ms)
		BackupInstance (0ms)
		ReleaseScriptingObjects (0ms)
		CreateAndSetChildDomain (32ms)
	RebuildCommonClasses (22ms)
	RebuildNativeTypeToScriptingClass (8ms)
	initialDomainReloadingComplete (21ms)
	LoadAllAssembliesAndSetupDomain (135ms)
		LoadAssemblies (186ms)
		RebuildTransferFunctionScriptingTraits (0ms)
		AnalyzeDomain (6ms)
			TypeCache.Refresh (3ms)
				TypeCache.ScanAssembly (0ms)
			ScanForSourceGeneratedMonoScriptInfo (0ms)
			ResolveRequiredComponents (2ms)
	FinalizeReload (646ms)
		ReleaseScriptCaches (0ms)
		RebuildScriptCaches (0ms)
		SetupLoadedEditorAssemblies (338ms)
			LogAssemblyErrors (0ms)
			InitializePlatformSupportModulesInManaged (4ms)
			SetLoadedEditorAssemblies (3ms)
			RefreshPlugins (0ms)
			BeforeProcessingInitializeOnLoad (38ms)
			ProcessInitializeOnLoadAttributes (273ms)
			ProcessInitializeOnLoadMethodAttributes (12ms)
			AfterProcessingInitializeOnLoad (8ms)
			EditorAssembliesLoaded (0ms)
		ExecutionOrderSort2 (0ms)
		AwakeInstancesAfterBackupRestoration (5ms)
Refreshing native plugins compatible for Editor in 3.47 ms, found 3 plugins.
Preloading 0 native plugins for Editor in 0.00 ms.
Unloading 3075 Unused Serialized files (Serialized files now loaded: 0)
Unloading 23 unused Assets / (68.9 KB). Loaded Objects now: 3557.
Memory consumption went from 116.0 MB to 116.0 MB.
Total: 2.713500 ms (FindLiveObjects: 0.225500 ms CreateObjectMapping: 0.044700 ms MarkObjects: 2.359400 ms  DeleteObjects: 0.083000 ms)

Prepare: number of updated asset objects reloaded= 0
AssetImportParameters requested are different than current active one (requested -> active):
  custom:container-demuxer-ogg: 62fdf1f143b41e24485cea50d1cbac27 -> 
  custom:video-codec-MediaFoundation-h265: 746d11721c4dcdbdad8f713fa42b33f4 -> 
  custom:video-decoder-ogg-theora: a1e56fd34408186e4bbccfd4996cb3dc -> 
  custom:framework-win-MediaFoundation: 216162199b28c13a410421893ffa2e32 -> 
  custom:CustomObjectIndexerAttribute: 756ad292c208cfabdd7b50bc23989ffe -> 
  custom:container-demuxer-webm: 4f35f7cbe854078d1ac9338744f61a02 -> 
  custom:container-muxer-webm: aa71ff27fc2769a1b78a27578f13a17b -> 
  custom:video-decoder-webm-vp8: 9c59270c3fd7afecdb556c50c9e8de78 -> 
  custom:SearchIndexIgnoredProperties: e643bd26f0fe6173181afceb89e7c659 -> 
  custom:AudioImporter_EditorPlatform: d09bf68614088b80899f8185d706f6e7 -> 
  custom:video-encoder-webm-vp8: eb34c28f22e8b96e1ab97ce403110664 -> 
  custom:audio-decoder-ogg-vorbis: bf7c407c2cedff20999df2af8eb42d56 -> 
  custom:audio-encoder-webm-vorbis: bf7c407c2cedff20999df2af8eb42d56 -> 
========================================================================
Received Prepare
Begin MonoManager ReloadAssembly
- Loaded All Assemblies, in  0.296 seconds
Refreshing native plugins compatible for Editor in 2.30 ms, found 3 plugins.
Native extension for WindowsStandalone target not found
Native extension for WebGL target not found
[Package Manager] Server::EnsureServerProcessIsRunning -- launch failed, reason: Unity was launched with the -noUpm command-line argument
[Package Manager] UpmClient::Send -- Unable to send message (not connected to UPM process).
[Package Manager] Cannot connect to Unity Package Manager local server
Mono: successfully reloaded assembly
- Finished resetting the current domain, in  0.661 seconds
Domain Reload Profiling: 954ms
	BeginReloadAssembly (114ms)
		ExecutionOrderSort (0ms)
		DisableScriptedObjects (4ms)
		BackupInstance (0ms)
		ReleaseScriptingObjects (0ms)
		CreateAndSetChildDomain (29ms)
	RebuildCommonClasses (21ms)
	RebuildNativeTypeToScriptingClass (7ms)
	initialDomainReloadingComplete (23ms)
	LoadAllAssembliesAndSetupDomain (128ms)
		LoadAssemblies (177ms)
		RebuildTransferFunctionScriptingTraits (0ms)
		AnalyzeDomain (7ms)
			TypeCache.Refresh (3ms)
				TypeCache.ScanAssembly (0ms)
			ScanForSourceGeneratedMonoScriptInfo (0ms)
			ResolveRequiredComponents (3ms)
	FinalizeReload (662ms)
		ReleaseScriptCaches (0ms)
		RebuildScriptCaches (0ms)
		SetupLoadedEditorAssemblies (341ms)
			LogAssemblyErrors (0ms)
			InitializePlatformSupportModulesInManaged (5ms)
			SetLoadedEditorAssemblies (3ms)
			RefreshPlugins (0ms)
			BeforeProcessingInitializeOnLoad (40ms)
			ProcessInitializeOnLoadAttributes (275ms)
			ProcessInitializeOnLoadMethodAttributes (11ms)
			AfterProcessingInitializeOnLoad (8ms)
			EditorAssembliesLoaded (0ms)
		ExecutionOrderSort2 (0ms)
		AwakeInstancesAfterBackupRestoration (5ms)
Refreshing native plugins compatible for Editor in 3.39 ms, found 3 plugins.
Preloading 0 native plugins for Editor in 0.00 ms.
Unloading 3075 Unused Serialized files (Serialized files now loaded: 0)
Unloading 23 unused Assets / (68.9 KB). Loaded Objects now: 3560.
Memory consumption went from 116.0 MB to 116.0 MB.
Total: 2.498800 ms (FindLiveObjects: 0.215200 ms CreateObjectMapping: 0.053000 ms MarkObjects: 2.148800 ms  DeleteObjects: 0.081100 ms)

Prepare: number of updated asset objects reloaded= 0
AssetImportParameters requested are different than current active one (requested -> active):
  custom:container-demuxer-ogg: 62fdf1f143b41e24485cea50d1cbac27 -> 
  custom:video-codec-MediaFoundation-h265: 746d11721c4dcdbdad8f713fa42b33f4 -> 
  custom:video-decoder-ogg-theora: a1e56fd34408186e4bbccfd4996cb3dc -> 
  custom:framework-win-MediaFoundation: 216162199b28c13a410421893ffa2e32 -> 
  custom:CustomObjectIndexerAttribute: 756ad292c208cfabdd7b50bc23989ffe -> 
  custom:container-demuxer-webm: 4f35f7cbe854078d1ac9338744f61a02 -> 
  custom:container-muxer-webm: aa71ff27fc2769a1b78a27578f13a17b -> 
  custom:video-decoder-webm-vp8: 9c59270c3fd7afecdb556c50c9e8de78 -> 
  custom:SearchIndexIgnoredProperties: e643bd26f0fe6173181afceb89e7c659 -> 
  custom:AudioImporter_EditorPlatform: d09bf68614088b80899f8185d706f6e7 -> 
  custom:video-encoder-webm-vp8: eb34c28f22e8b96e1ab97ce403110664 -> 
  custom:audio-decoder-ogg-vorbis: bf7c407c2cedff20999df2af8eb42d56 -> 
  custom:audio-encoder-webm-vorbis: bf7c407c2cedff20999df2af8eb42d56 -> 
========================================================================
Received Prepare
Begin MonoManager ReloadAssembly
- Loaded All Assemblies, in  0.307 seconds
Refreshing native plugins compatible for Editor in 3.42 ms, found 3 plugins.
Native extension for WindowsStandalone target not found
Native extension for WebGL target not found
[Package Manager] Server::EnsureServerProcessIsRunning -- launch failed, reason: Unity was launched with the -noUpm command-line argument
[Package Manager] UpmClient::Send -- Unable to send message (not connected to UPM process).
[Package Manager] Cannot connect to Unity Package Manager local server
Mono: successfully reloaded assembly
- Finished resetting the current domain, in  0.666 seconds
Domain Reload Profiling: 969ms
	BeginReloadAssembly (114ms)
		ExecutionOrderSort (0ms)
		DisableScriptedObjects (4ms)
		BackupInstance (0ms)
		ReleaseScriptingObjects (0ms)
		CreateAndSetChildDomain (28ms)
	RebuildCommonClasses (21ms)
	RebuildNativeTypeToScriptingClass (7ms)
	initialDomainReloadingComplete (21ms)
	LoadAllAssembliesAndSetupDomain (139ms)
		LoadAssemblies (189ms)
		RebuildTransferFunctionScriptingTraits (0ms)
		AnalyzeDomain (7ms)
			TypeCache.Refresh (3ms)
				TypeCache.ScanAssembly (0ms)
			ScanForSourceGeneratedMonoScriptInfo (0ms)
			ResolveRequiredComponents (2ms)
	FinalizeReload (667ms)
		ReleaseScriptCaches (0ms)
		RebuildScriptCaches (0ms)
		SetupLoadedEditorAssemblies (348ms)
			LogAssemblyErrors (0ms)
			InitializePlatformSupportModulesInManaged (4ms)
			SetLoadedEditorAssemblies (3ms)
			RefreshPlugins (0ms)
			BeforeProcessingInitializeOnLoad (42ms)
			ProcessInitializeOnLoadAttributes (279ms)
			ProcessInitializeOnLoadMethodAttributes (12ms)
			AfterProcessingInitializeOnLoad (8ms)
			EditorAssembliesLoaded (0ms)
		ExecutionOrderSort2 (0ms)
		AwakeInstancesAfterBackupRestoration (6ms)
Refreshing native plugins compatible for Editor in 4.29 ms, found 3 plugins.
Preloading 0 native plugins for Editor in 0.00 ms.
Unloading 3075 Unused Serialized files (Serialized files now loaded: 0)
Unloading 23 unused Assets / (68.9 KB). Loaded Objects now: 3563.
Memory consumption went from 116.0 MB to 116.0 MB.
Total: 3.062600 ms (FindLiveObjects: 0.244900 ms CreateObjectMapping: 0.052400 ms MarkObjects: 2.664500 ms  DeleteObjects: 0.099500 ms)

Prepare: number of updated asset objects reloaded= 0
AssetImportParameters requested are different than current active one (requested -> active):
  custom:container-demuxer-ogg: 62fdf1f143b41e24485cea50d1cbac27 -> 
  custom:video-codec-MediaFoundation-h265: 746d11721c4dcdbdad8f713fa42b33f4 -> 
  custom:video-decoder-ogg-theora: a1e56fd34408186e4bbccfd4996cb3dc -> 
  custom:framework-win-MediaFoundation: 216162199b28c13a410421893ffa2e32 -> 
  custom:CustomObjectIndexerAttribute: 756ad292c208cfabdd7b50bc23989ffe -> 
  custom:container-demuxer-webm: 4f35f7cbe854078d1ac9338744f61a02 -> 
  custom:container-muxer-webm: aa71ff27fc2769a1b78a27578f13a17b -> 
  custom:video-decoder-webm-vp8: 9c59270c3fd7afecdb556c50c9e8de78 -> 
  custom:SearchIndexIgnoredProperties: e643bd26f0fe6173181afceb89e7c659 -> 
  custom:AudioImporter_EditorPlatform: d09bf68614088b80899f8185d706f6e7 -> 
  custom:video-encoder-webm-vp8: eb34c28f22e8b96e1ab97ce403110664 -> 
  custom:audio-decoder-ogg-vorbis: bf7c407c2cedff20999df2af8eb42d56 -> 
  custom:audio-encoder-webm-vorbis: bf7c407c2cedff20999df2af8eb42d56 -> 
========================================================================
Received Import Request.
  Time since last request: 197.689592 seconds.
  path: Assets/Textures/Chapter10/Cubemap_0.cubemap
  artifactKey: Guid(5e6d2cc25beb34a998784c5dc7e8fe9c) Importer(815301076,1909f56bfc062723c751e8b465ee728b)
Start importing Assets/Textures/Chapter10/Cubemap_0.cubemap using Guid(5e6d2cc25beb34a998784c5dc7e8fe9c) Importer(815301076,1909f56bfc062723c751e8b465ee728b)  -> (artifact id: 'aba593b46c27fea705bdee7a958a2b2d') in 0.111699 seconds
Number of updated asset objects reloaded before import = 0
Number of asset objects unloaded after import = 1
========================================================================
Received Import Request.
  Time since last request: 0.000039 seconds.
  path: Assets/Textures/Chapter10/MirrorTexture.renderTexture
  artifactKey: Guid(686e5bbcea87e4b7baacf416b52d4a3c) Importer(815301076,1909f56bfc062723c751e8b465ee728b)
Start importing Assets/Textures/Chapter10/MirrorTexture.renderTexture using Guid(686e5bbcea87e4b7baacf416b52d4a3c) Importer(815301076,1909f56bfc062723c751e8b465ee728b)  -> (artifact id: '231dd6ce6d2790074504b67c1544308f') in 0.013168 seconds
Number of updated asset objects reloaded before import = 0
Number of asset objects unloaded after import = 2
========================================================================
Received Import Request.
  Time since last request: 0.000026 seconds.
  path: Assets/Textures/Chapter10/Glass_Normal.jpg
  artifactKey: Guid(9d6a060d595674a7dbe1d5ac3a5f127f) Importer(815301076,1909f56bfc062723c751e8b465ee728b)
Start importing Assets/Textures/Chapter10/Glass_Normal.jpg using Guid(9d6a060d595674a7dbe1d5ac3a5f127f) Importer(815301076,1909f56bfc062723c751e8b465ee728b)  -> (artifact id: 'b711552343e412b107276b71ee6928f8') in 0.013440 seconds
Number of updated asset objects reloaded before import = 0
Number of asset objects unloaded after import = 2
========================================================================
Received Import Request.
  Time since last request: 29.802174 seconds.
  path: Assets/Material/New Material.mat
  artifactKey: Guid(bb92784c6ee41d949954bd260d1e3df8) Importer(815301076,1909f56bfc062723c751e8b465ee728b)
Start importing Assets/Material/New Material.mat using Guid(bb92784c6ee41d949954bd260d1e3df8) Importer(815301076,1909f56bfc062723c751e8b465ee728b)  -> (artifact id: '7e7c66d03252f91956c2066f60fde7b8') in 0.029485 seconds
Number of updated asset objects reloaded before import = 0
Number of asset objects unloaded after import = 1
========================================================================
Received Import Request.
  Time since last request: 77.499246 seconds.
  path: Assets/Textures/Chapter7/Block.JPG
  artifactKey: Guid(f18762c350b05496ab2724be5594592e) Importer(815301076,1909f56bfc062723c751e8b465ee728b)
Start importing Assets/Textures/Chapter7/Block.JPG using Guid(f18762c350b05496ab2724be5594592e) Importer(815301076,1909f56bfc062723c751e8b465ee728b)  -> (artifact id: 'eb93bffebea10273ea562f78c7ab147a') in 0.006939 seconds
Number of updated asset objects reloaded before import = 0
Number of asset objects unloaded after import = 2
========================================================================
Received Import Request.
  Time since last request: 0.000018 seconds.
  path: Assets/Textures/Objects/Box_Diffuse.png
  artifactKey: Guid(07b7bc8df2e6c42cabf341c276c3e355) Importer(815301076,1909f56bfc062723c751e8b465ee728b)
Start importing Assets/Textures/Objects/Box_Diffuse.png using Guid(07b7bc8df2e6c42cabf341c276c3e355) Importer(815301076,1909f56bfc062723c751e8b465ee728b)  -> (artifact id: '577a4c6d3c5115e993896478cb4ed473') in 0.007699 seconds
Number of updated asset objects reloaded before import = 0
Number of asset objects unloaded after import = 2
========================================================================
Received Import Request.
  Time since last request: 3.404221 seconds.
  path: Assets/Textures/Chapter7/Brick_Diffuse.JPG
  artifactKey: Guid(d938a66d993e948deaed0109b1217675) Importer(815301076,1909f56bfc062723c751e8b465ee728b)
Start importing Assets/Textures/Chapter7/Brick_Diffuse.JPG using Guid(d938a66d993e948deaed0109b1217675) Importer(815301076,1909f56bfc062723c751e8b465ee728b)  -> (artifact id: '4556b96b19299dc8fc5534357a9d6c2b') in 0.016592 seconds
Number of updated asset objects reloaded before import = 0
Number of asset objects unloaded after import = 2
========================================================================
Received Import Request.
  Time since last request: 0.303002 seconds.
  path: Assets/Textures/Chapter7/Brick_Normal.JPG
  artifactKey: Guid(62ea63551f14847d18f8f258f74e14d8) Importer(815301076,1909f56bfc062723c751e8b465ee728b)
Start importing Assets/Textures/Chapter7/Brick_Normal.JPG using Guid(62ea63551f14847d18f8f258f74e14d8) Importer(815301076,1909f56bfc062723c751e8b465ee728b)  -> (artifact id: '52e91ace8f2d7316c5f31f20dbc6331f') in 0.010547 seconds
Number of updated asset objects reloaded before import = 0
Number of asset objects unloaded after import = 2
========================================================================
Received Import Request.
  Time since last request: 0.028455 seconds.
  path: Assets/Textures/Chapter15/burn_noise.png
  artifactKey: Guid(0df7a0b61c9dfa6408ae01459c10ffec) Importer(815301076,1909f56bfc062723c751e8b465ee728b)
Start importing Assets/Textures/Chapter15/burn_noise.png using Guid(0df7a0b61c9dfa6408ae01459c10ffec) Importer(815301076,1909f56bfc062723c751e8b465ee728b)  -> (artifact id: 'ab27d9ab9a29d2137c709e7a9aac4929') in 0.007510 seconds
Number of updated asset objects reloaded before import = 0
Number of asset objects unloaded after import = 2
========================================================================
Received Import Request.
  Time since last request: 0.873853 seconds.
  path: Assets/Textures/Chapter7/Checkerboard.png
  artifactKey: Guid(f7adc1e326b944fa1b141a1f4d7e12f8) Importer(815301076,1909f56bfc062723c751e8b465ee728b)
Start importing Assets/Textures/Chapter7/Checkerboard.png using Guid(f7adc1e326b944fa1b141a1f4d7e12f8) Importer(815301076,1909f56bfc062723c751e8b465ee728b)  -> (artifact id: '0f9e556810dc54eb29e1a30639800142') in 0.009546 seconds
Number of updated asset objects reloaded before import = 0
Number of asset objects unloaded after import = 2
========================================================================
Received Import Request.
  Time since last request: 0.014573 seconds.
  path: Assets/Textures/Chapter18/circle.psd
  artifactKey: Guid(300596a980eba42e285b20abdf98685a) Importer(815301076,1909f56bfc062723c751e8b465ee728b)
Start importing Assets/Textures/Chapter18/circle.psd using Guid(300596a980eba42e285b20abdf98685a) Importer(815301076,1909f56bfc062723c751e8b465ee728b)  -> (artifact id: '22234c3a097a0e9ed08b0832843f52fe') in 0.011556 seconds
Number of updated asset objects reloaded before import = 0
Number of asset objects unloaded after import = 2
========================================================================
Received Import Request.
  Time since last request: 0.042348 seconds.
  path: Assets/Textures/Chapter15/Crate_Diffuse.jpg
  artifactKey: Guid(efcd09a5f38eb4e4f88f6ab9ca416799) Importer(815301076,1909f56bfc062723c751e8b465ee728b)
Start importing Assets/Textures/Chapter15/Crate_Diffuse.jpg using Guid(efcd09a5f38eb4e4f88f6ab9ca416799) Importer(815301076,1909f56bfc062723c751e8b465ee728b)  -> (artifact id: '90b508e043bfd8c12cdc031c518bff7a') in 0.007002 seconds
Number of updated asset objects reloaded before import = 0
Number of asset objects unloaded after import = 2
========================================================================
Received Import Request.
  Time since last request: 0.614130 seconds.
  path: Assets/Textures/Chapter15/Crate_Normal.jpg
  artifactKey: Guid(0cb10a02e380145908d659b28d08af69) Importer(815301076,1909f56bfc062723c751e8b465ee728b)
Start importing Assets/Textures/Chapter15/Crate_Normal.jpg using Guid(0cb10a02e380145908d659b28d08af69) Importer(815301076,1909f56bfc062723c751e8b465ee728b)  -> (artifact id: 'a645892f61868ae07dbc9a5eee9fce19') in 0.007784 seconds
Number of updated asset objects reloaded before import = 0
Number of asset objects unloaded after import = 2
========================================================================
Received Import Request.
  Time since last request: 1.592351 seconds.
  path: Assets/Textures/Chapter18/EveningReflection.hdr
  artifactKey: Guid(5bc8e8449ec1b480a904b93ec0ed0198) Importer(815301076,1909f56bfc062723c751e8b465ee728b)
Start importing Assets/Textures/Chapter18/EveningReflection.hdr using Guid(5bc8e8449ec1b480a904b93ec0ed0198) Importer(815301076,1909f56bfc062723c751e8b465ee728b)  -> (artifact id: '2833fb914d1f1f31d53be5a9a497a572') in 0.015681 seconds
Number of updated asset objects reloaded before import = 0
Number of asset objects unloaded after import = 1
========================================================================
Received Import Request.
  Time since last request: 0.063444 seconds.
  path: Assets/Textures/Chapter11/far_background.png
  artifactKey: Guid(d13fd819dae014d96bcf03cf2e248206) Importer(815301076,1909f56bfc062723c751e8b465ee728b)
Start importing Assets/Textures/Chapter11/far_background.png using Guid(d13fd819dae014d96bcf03cf2e248206) Importer(815301076,1909f56bfc062723c751e8b465ee728b)  -> (artifact id: '2e1b13b637a0a39df0932aec1d37bc50') in 0.008692 seconds
Number of updated asset objects reloaded before import = 0
Number of asset objects unloaded after import = 2
========================================================================
Received Import Request.
  Time since last request: 0.271065 seconds.
  path: Assets/Textures/Chapter11/flame_0.png
  artifactKey: Guid(5e0af3210c68143aea47edb7431dac84) Importer(815301076,1909f56bfc062723c751e8b465ee728b)
Start importing Assets/Textures/Chapter11/flame_0.png using Guid(5e0af3210c68143aea47edb7431dac84) Importer(815301076,1909f56bfc062723c751e8b465ee728b)  -> (artifact id: '922c2e4b003d477016f373378c0ec835') in 0.006034 seconds
Number of updated asset objects reloaded before import = 0
Number of asset objects unloaded after import = 2
========================================================================
Received Import Request.
  Time since last request: 0.014061 seconds.
  path: Assets/Textures/Chapter11/Flame_1.tga
  artifactKey: Guid(45f023b8a9f214a4b83b942b05d70458) Importer(815301076,1909f56bfc062723c751e8b465ee728b)
Start importing Assets/Textures/Chapter11/Flame_1.tga using Guid(45f023b8a9f214a4b83b942b05d70458) Importer(815301076,1909f56bfc062723c751e8b465ee728b)  -> (artifact id: 'e212ed1dcb912d1efa1f6d7fc0f14940') in 0.007226 seconds
Number of updated asset objects reloaded before import = 0
Number of asset objects unloaded after import = 2
========================================================================
Received Import Request.
  Time since last request: 0.252525 seconds.
  path: Assets/Textures/Chapter7/Floor.png
  artifactKey: Guid(0a9dad4c294674bafb0875add2a7f604) Importer(815301076,1909f56bfc062723c751e8b465ee728b)
Start importing Assets/Textures/Chapter7/Floor.png using Guid(0a9dad4c294674bafb0875add2a7f604) Importer(815301076,1909f56bfc062723c751e8b465ee728b)  -> (artifact id: '4ffda3452bc05996d6fac9d194c6a73d') in 0.006209 seconds
Number of updated asset objects reloaded before import = 0
Number of asset objects unloaded after import = 2
========================================================================
Received Import Request.
  Time since last request: 0.031766 seconds.
  path: Assets/Textures/Chapter15/fog_noise.jpg
  artifactKey: Guid(47cdda17bb08a47b0a50675cbb83cfa2) Importer(815301076,1909f56bfc062723c751e8b465ee728b)
Start importing Assets/Textures/Chapter15/fog_noise.jpg using Guid(47cdda17bb08a47b0a50675cbb83cfa2) Importer(815301076,1909f56bfc062723c751e8b465ee728b)  -> (artifact id: '6f9b68a161fd406f96c770a06e357deb') in 0.006533 seconds
Number of updated asset objects reloaded before import = 0
Number of asset objects unloaded after import = 2
========================================================================
Received Import Request.
  Time since last request: 1.955274 seconds.
  path: Assets/Textures/Chapter7/Grid.png
  artifactKey: Guid(6bfef83916beb4830990d798b594cf7d) Importer(815301076,1909f56bfc062723c751e8b465ee728b)
Start importing Assets/Textures/Chapter7/Grid.png using Guid(6bfef83916beb4830990d798b594cf7d) Importer(815301076,1909f56bfc062723c751e8b465ee728b)  -> (artifact id: 'a0dc27b539dc0a56d3de730bc292b305') in 0.007130 seconds
Number of updated asset objects reloaded before import = 0
Number of asset objects unloaded after import = 2
========================================================================
Received Import Request.
  Time since last request: 0.392718 seconds.
  path: Assets/Textures/Chapter14/hatch_0.jpg
  artifactKey: Guid(cec7935972aff4e36929bf649c13aecc) Importer(815301076,1909f56bfc062723c751e8b465ee728b)
Start importing Assets/Textures/Chapter14/hatch_0.jpg using Guid(cec7935972aff4e36929bf649c13aecc) Importer(815301076,1909f56bfc062723c751e8b465ee728b)  -> (artifact id: '0dcc275790fe794c9d9530a54e0967fc') in 0.007340 seconds
Number of updated asset objects reloaded before import = 0
Number of asset objects unloaded after import = 2
========================================================================
Received Import Request.
  Time since last request: 1.624112 seconds.
  path: Assets/Textures/Chapter14/hatch_1.jpg
  artifactKey: Guid(a52d08fa5f43c40648bbd8a6402c8256) Importer(815301076,1909f56bfc062723c751e8b465ee728b)
Start importing Assets/Textures/Chapter14/hatch_1.jpg using Guid(a52d08fa5f43c40648bbd8a6402c8256) Importer(815301076,1909f56bfc062723c751e8b465ee728b)  -> (artifact id: 'ff1c0c411fe42ec01dcb593e0eee2b3e') in 0.010179 seconds
Number of updated asset objects reloaded before import = 0
Number of asset objects unloaded after import = 2
========================================================================
Received Import Request.
  Time since last request: 0.012915 seconds.
  path: Assets/Textures/Chapter14/hatch_2.jpg
  artifactKey: Guid(b76eea5b4cd334934bdfbc8f5c3b18cf) Importer(815301076,1909f56bfc062723c751e8b465ee728b)
Start importing Assets/Textures/Chapter14/hatch_2.jpg using Guid(b76eea5b4cd334934bdfbc8f5c3b18cf) Importer(815301076,1909f56bfc062723c751e8b465ee728b)  -> (artifact id: 'f6204bf394827137efe2a7a2f01b5725') in 0.008583 seconds
Number of updated asset objects reloaded before import = 0
Number of asset objects unloaded after import = 2
========================================================================
Received Import Request.
  Time since last request: 0.016162 seconds.
  path: Assets/Textures/Chapter14/hatch_4.jpg
  artifactKey: Guid(8dd74c1ceae694a7b8b23b908acefcd8) Importer(815301076,1909f56bfc062723c751e8b465ee728b)
Start importing Assets/Textures/Chapter14/hatch_4.jpg using Guid(8dd74c1ceae694a7b8b23b908acefcd8) Importer(815301076,1909f56bfc062723c751e8b465ee728b)  -> (artifact id: '53d5dd0fa6db7016af5d8c71f05d64fb') in 0.009712 seconds
Number of updated asset objects reloaded before import = 0
Number of asset objects unloaded after import = 2
========================================================================
Received Import Request.
  Time since last request: 0.004723 seconds.
  path: Assets/Textures/Chapter14/hatch_5.jpg
  artifactKey: Guid(db782b9e683fe42d894d4e8482fdb17d) Importer(815301076,1909f56bfc062723c751e8b465ee728b)
Start importing Assets/Textures/Chapter14/hatch_5.jpg using Guid(db782b9e683fe42d894d4e8482fdb17d) Importer(815301076,1909f56bfc062723c751e8b465ee728b)  -> (artifact id: '1bbe63d512b3e324851c2a73e08c2f3b') in 0.011838 seconds
Number of updated asset objects reloaded before import = 0
Number of asset objects unloaded after import = 2
========================================================================
Received Import Request.
  Time since last request: 0.002001 seconds.
  path: Assets/Textures/Chapter12/lotus0.jpg
  artifactKey: Guid(e87d85c67042c4dbb83f11686fd550bf) Importer(815301076,1909f56bfc062723c751e8b465ee728b)
Start importing Assets/Textures/Chapter12/lotus0.jpg using Guid(e87d85c67042c4dbb83f11686fd550bf) Importer(815301076,1909f56bfc062723c751e8b465ee728b)  -> (artifact id: 'aaffa589e9112b8b995d4fed5a3a283b') in 0.025395 seconds
Number of updated asset objects reloaded before import = 0
Number of asset objects unloaded after import = 3
========================================================================
Received Import Request.
  Time since last request: 0.000020 seconds.
  path: Assets/Textures/Chapter11/near_background.png
  artifactKey: Guid(c119938d0b6e741b8976e978bb7f2410) Importer(815301076,1909f56bfc062723c751e8b465ee728b)
Start importing Assets/Textures/Chapter11/near_background.png using Guid(c119938d0b6e741b8976e978bb7f2410) Importer(815301076,1909f56bfc062723c751e8b465ee728b)  -> (artifact id: '7c56c0be462f8e2e028f7b86795f7391') in 0.008600 seconds
Number of updated asset objects reloaded before import = 0
Number of asset objects unloaded after import = 2
========================================================================
Received Import Request.
  Time since last request: 0.000023 seconds.
  path: Assets/Textures/Chapter17/Mud_Occlusion.tif
  artifactKey: Guid(4c15703050cd54291b27a2a55a71b7df) Importer(815301076,1909f56bfc062723c751e8b465ee728b)
Start importing Assets/Textures/Chapter17/Mud_Occlusion.tif using Guid(4c15703050cd54291b27a2a55a71b7df) Importer(815301076,1909f56bfc062723c751e8b465ee728b)  -> (artifact id: '686fd3ec14a13b1f1fc7c17253a4978b') in 0.007846 seconds
Number of updated asset objects reloaded before import = 0
Number of asset objects unloaded after import = 2
========================================================================
Received Import Request.
  Time since last request: 0.000031 seconds.
  path: Assets/Textures/Chapter10/Cubemaps/negy.jpg
  artifactKey: Guid(a3f7e145470dc475980f587d8bbe40be) Importer(815301076,1909f56bfc062723c751e8b465ee728b)
Start importing Assets/Textures/Chapter10/Cubemaps/negy.jpg using Guid(a3f7e145470dc475980f587d8bbe40be) Importer(815301076,1909f56bfc062723c751e8b465ee728b)  -> (artifact id: 'b194147ac0dd3fabfb8875b010232920') in 0.014052 seconds
Number of updated asset objects reloaded before import = 0
Number of asset objects unloaded after import = 2
========================================================================
Received Import Request.
  Time since last request: 0.000019 seconds.
  path: Assets/Textures/Chapter14/paper.jpg
  artifactKey: Guid(6cf6441ecb91440b7996c7da6135e380) Importer(815301076,1909f56bfc062723c751e8b465ee728b)
Start importing Assets/Textures/Chapter14/paper.jpg using Guid(6cf6441ecb91440b7996c7da6135e380) Importer(815301076,1909f56bfc062723c751e8b465ee728b)  -> (artifact id: 'bdbbb8c4989a5c7be441171d44b93a27') in 0.009482 seconds
Number of updated asset objects reloaded before import = 0
Number of asset objects unloaded after import = 3
========================================================================
Received Import Request.
  Time since last request: 0.000022 seconds.
  path: Assets/Textures/Chapter18/PBS/prop_barrel_01_sg.tif
  artifactKey: Guid(2be69b1584d71e048a393fff2ef0a80d) Importer(815301076,1909f56bfc062723c751e8b465ee728b)
Start importing Assets/Textures/Chapter18/PBS/prop_barrel_01_sg.tif using Guid(2be69b1584d71e048a393fff2ef0a80d) Importer(815301076,1909f56bfc062723c751e8b465ee728b)  -> (artifact id: '0df1729c783cfac6ff12814c9c7c1e25') in 0.007360 seconds
Number of updated asset objects reloaded before import = 0
Number of asset objects unloaded after import = 2
========================================================================
Received Import Request.
  Time since last request: 0.000020 seconds.
  path: Assets/Textures/Chapter10/Cubemaps/negx.jpg
  artifactKey: Guid(802ea53d6ad434ef7a70b8c9fc2fef0c) Importer(815301076,1909f56bfc062723c751e8b465ee728b)
Start importing Assets/Textures/Chapter10/Cubemaps/negx.jpg using Guid(802ea53d6ad434ef7a70b8c9fc2fef0c) Importer(815301076,1909f56bfc062723c751e8b465ee728b)  -> (artifact id: '64f118b512718e09405cee10f611898d') in 0.007624 seconds
Number of updated asset objects reloaded before import = 0
Number of asset objects unloaded after import = 2
========================================================================
Received Import Request.
  Time since last request: 0.000018 seconds.
  path: Assets/Textures/Chapter17/Mud_Specular.tif
  artifactKey: Guid(34eda53449b6b4d959497d06702f1415) Importer(815301076,1909f56bfc062723c751e8b465ee728b)
Start importing Assets/Textures/Chapter17/Mud_Specular.tif using Guid(34eda53449b6b4d959497d06702f1415) Importer(815301076,1909f56bfc062723c751e8b465ee728b)  -> (artifact id: 'ebc39c01d73d318df21cdb598c999fa3') in 0.010929 seconds
Number of updated asset objects reloaded before import = 0
Number of asset objects unloaded after import = 2
========================================================================
Received Import Request.
  Time since last request: 0.000016 seconds.
  path: Assets/Textures/Chapter18/PBS/prop_fence_02_n.tif
  artifactKey: Guid(f56e8c73d755f2347b44412fc6ad9b0f) Importer(815301076,1909f56bfc062723c751e8b465ee728b)
Start importing Assets/Textures/Chapter18/PBS/prop_fence_02_n.tif using Guid(f56e8c73d755f2347b44412fc6ad9b0f) Importer(815301076,1909f56bfc062723c751e8b465ee728b)  -> (artifact id: '236448307f3950688062fc944195b02b') in 0.008552 seconds
Number of updated asset objects reloaded before import = 0
Number of asset objects unloaded after import = 2
========================================================================
Received Import Request.
  Time since last request: 0.000021 seconds.
  path: Assets/Textures/Chapter10/Cubemaps/negz.jpg
  artifactKey: Guid(a4ae85da804f44f89abcaa91866d90c1) Importer(815301076,1909f56bfc062723c751e8b465ee728b)
Start importing Assets/Textures/Chapter10/Cubemaps/negz.jpg using Guid(a4ae85da804f44f89abcaa91866d90c1) Importer(815301076,1909f56bfc062723c751e8b465ee728b)  -> (artifact id: '964c5c5a5f9dc4f09ca0d4951f61c768') in 0.007758 seconds
Number of updated asset objects reloaded before import = 0
Number of asset objects unloaded after import = 2
========================================================================
Received Import Request.
  Time since last request: 0.000018 seconds.
  path: Assets/Textures/Chapter18/PBS/prop_fence_02_a.tif
  artifactKey: Guid(518249a30c8ae754ba6ace7438dae717) Importer(815301076,1909f56bfc062723c751e8b465ee728b)
Start importing Assets/Textures/Chapter18/PBS/prop_fence_02_a.tif using Guid(518249a30c8ae754ba6ace7438dae717) Importer(815301076,1909f56bfc062723c751e8b465ee728b)  -> (artifact id: 'c0e4bbd5295f5ef2661b7817587da1c9') in 0.007132 seconds
Number of updated asset objects reloaded before import = 0
Number of asset objects unloaded after import = 2
========================================================================
Received Import Request.
  Time since last request: 0.000017 seconds.
  path: Assets/Textures/Chapter18/PBS/prop_barrel_01_a.tif
  artifactKey: Guid(331a012fdbf7f934796cdbc74ae62fb3) Importer(815301076,1909f56bfc062723c751e8b465ee728b)
Start importing Assets/Textures/Chapter18/PBS/prop_barrel_01_a.tif using Guid(331a012fdbf7f934796cdbc74ae62fb3) Importer(815301076,1909f56bfc062723c751e8b465ee728b)  -> (artifact id: '1618ce1471c2305c1e30bf3a0feeee40') in 0.008361 seconds
Number of updated asset objects reloaded before import = 0
Number of asset objects unloaded after import = 2
========================================================================
Received Import Request.
  Time since last request: 0.082943 seconds.
  path: Assets/Textures/Chapter18/PBS/prop_shield_01_d.tif
  artifactKey: Guid(a7dc626610cc07e4b9fabfd101979ada) Importer(815301076,1909f56bfc062723c751e8b465ee728b)
Start importing Assets/Textures/Chapter18/PBS/prop_shield_01_d.tif using Guid(a7dc626610cc07e4b9fabfd101979ada) Importer(815301076,1909f56bfc062723c751e8b465ee728b)  -> (artifact id: '7c470068691ec863b6c54588e50b4fd7') in 0.007756 seconds
Number of updated asset objects reloaded before import = 0
Number of asset objects unloaded after import = 2
========================================================================
Received Import Request.
  Time since last request: 0.041401 seconds.
  path: Assets/Textures/Chapter18/PBS/prop_shield_01_n.tif
  artifactKey: Guid(9a3694bfb38f09648a7248d8e6160605) Importer(815301076,1909f56bfc062723c751e8b465ee728b)
Start importing Assets/Textures/Chapter18/PBS/prop_shield_01_n.tif using Guid(9a3694bfb38f09648a7248d8e6160605) Importer(815301076,1909f56bfc062723c751e8b465ee728b)  -> (artifact id: '720443263d632c5d9072d43939d5dc8e') in 0.009158 seconds
Number of updated asset objects reloaded before import = 0
Number of asset objects unloaded after import = 2
========================================================================
Received Import Request.
  Time since last request: 0.073801 seconds.
  path: Assets/Textures/Chapter18/PBS/prop_shield_01_sg.tif
  artifactKey: Guid(882293f5fee5223478ea927675112fdc) Importer(815301076,1909f56bfc062723c751e8b465ee728b)
Start importing Assets/Textures/Chapter18/PBS/prop_shield_01_sg.tif using Guid(882293f5fee5223478ea927675112fdc) Importer(815301076,1909f56bfc062723c751e8b465ee728b)  -> (artifact id: '484c8615657ce6c8171ed273b3a54f8d') in 0.009735 seconds
Number of updated asset objects reloaded before import = 0
Number of asset objects unloaded after import = 2
========================================================================
Received Import Request.
  Time since last request: 0.013186 seconds.
  path: Assets/Textures/Chapter18/PBS/prop_shield_02_o.tif
  artifactKey: Guid(a5ac9e4101e9a1845b1f44ac8118bb24) Importer(815301076,1909f56bfc062723c751e8b465ee728b)
Start importing Assets/Textures/Chapter18/PBS/prop_shield_02_o.tif using Guid(a5ac9e4101e9a1845b1f44ac8118bb24) Importer(815301076,1909f56bfc062723c751e8b465ee728b)  -> (artifact id: 'cdaf6c58d6d24c839e63c3a4838ff582') in 0.006474 seconds
Number of updated asset objects reloaded before import = 0
Number of asset objects unloaded after import = 2
========================================================================
Received Import Request.
  Time since last request: 0.015001 seconds.
  path: Assets/Textures/Chapter18/PBS/prop_shield_03_a.tif
  artifactKey: Guid(5a2cdbe262fd7634e83ad27f830d8d6d) Importer(815301076,1909f56bfc062723c751e8b465ee728b)
Start importing Assets/Textures/Chapter18/PBS/prop_shield_03_a.tif using Guid(5a2cdbe262fd7634e83ad27f830d8d6d) Importer(815301076,1909f56bfc062723c751e8b465ee728b)  -> (artifact id: '746213a1ab03654c7d1f0b484b2d9e49') in 0.007262 seconds
Number of updated asset objects reloaded before import = 0
Number of asset objects unloaded after import = 2
========================================================================
Received Import Request.
  Time since last request: 0.000801 seconds.
  path: Assets/Textures/Chapter18/PBS/prop_shield_03_o.tif
  artifactKey: Guid(eb58d99782a645c478337012addb8c5c) Importer(815301076,1909f56bfc062723c751e8b465ee728b)
Start importing Assets/Textures/Chapter18/PBS/prop_shield_03_o.tif using Guid(eb58d99782a645c478337012addb8c5c) Importer(815301076,1909f56bfc062723c751e8b465ee728b)  -> (artifact id: 'aa04f99de3f5c76b4b1dd1571e50e98d') in 0.007449 seconds
Number of updated asset objects reloaded before import = 0
Number of asset objects unloaded after import = 2
========================================================================
Received Import Request.
  Time since last request: 0.292536 seconds.
  path: Assets/Textures/Chapter10/Cubemaps/posz.jpg
  artifactKey: Guid(eff4728e8abf64b26ae4f54c09274dc5) Importer(815301076,1909f56bfc062723c751e8b465ee728b)
Start importing Assets/Textures/Chapter10/Cubemaps/posz.jpg using Guid(eff4728e8abf64b26ae4f54c09274dc5) Importer(815301076,1909f56bfc062723c751e8b465ee728b)  -> (artifact id: '3bb02189c7ba9017377ad042d4c0f98d') in 0.007231 seconds
Number of updated asset objects reloaded before import = 0
Number of asset objects unloaded after import = 2
========================================================================
Received Import Request.
  Time since last request: 0.011791 seconds.
  path: Assets/Textures/Chapter10/Cubemaps/posy.jpg
  artifactKey: Guid(9d8db1d3f0d2a47df8fef6f48752ae09) Importer(815301076,1909f56bfc062723c751e8b465ee728b)
Start importing Assets/Textures/Chapter10/Cubemaps/posy.jpg using Guid(9d8db1d3f0d2a47df8fef6f48752ae09) Importer(815301076,1909f56bfc062723c751e8b465ee728b)  -> (artifact id: 'ba479b0200cecf5759d9a3a3e2a77513') in 0.009269 seconds
Number of updated asset objects reloaded before import = 0
Number of asset objects unloaded after import = 2
========================================================================
Received Import Request.
  Time since last request: 34.449719 seconds.
  path: Assets/Textures/Chapter18/PBS/prop_shield_03_sg.tif
  artifactKey: Guid(4a8c07b1687ddfd4ab749f9ad1dbffd2) Importer(815301076,1909f56bfc062723c751e8b465ee728b)
Start importing Assets/Textures/Chapter18/PBS/prop_shield_03_sg.tif using Guid(4a8c07b1687ddfd4ab749f9ad1dbffd2) Importer(815301076,1909f56bfc062723c751e8b465ee728b)  -> (artifact id: 'fcccc85db81e06dce0de6796725fd828') in 0.009667 seconds
Number of updated asset objects reloaded before import = 0
Number of asset objects unloaded after import = 2
========================================================================
Received Import Request.
  Time since last request: 0.000020 seconds.
  path: Assets/Textures/Chapter18/PBS/prop_sword_shovel_halberd_01_n.tif
  artifactKey: Guid(8e8365bdbdf9e3445b36b959d1554222) Importer(815301076,1909f56bfc062723c751e8b465ee728b)
Start importing Assets/Textures/Chapter18/PBS/prop_sword_shovel_halberd_01_n.tif using Guid(8e8365bdbdf9e3445b36b959d1554222) Importer(815301076,1909f56bfc062723c751e8b465ee728b)  -> (artifact id: 'efdd3ae70c9e549fd5e9491ed3bfb0cf') in 0.009109 seconds
Number of updated asset objects reloaded before import = 0
Number of asset objects unloaded after import = 2
========================================================================
Received Import Request.
  Time since last request: 0.000017 seconds.
  path: Assets/Textures/Chapter18/PBS/prop_sword_shovel_halberd_01_o.tif
  artifactKey: Guid(aaa298fba92280b41a1a986f0c8acd7f) Importer(815301076,1909f56bfc062723c751e8b465ee728b)
Start importing Assets/Textures/Chapter18/PBS/prop_sword_shovel_halberd_01_o.tif using Guid(aaa298fba92280b41a1a986f0c8acd7f) Importer(815301076,1909f56bfc062723c751e8b465ee728b)  -> (artifact id: '89ee39555acd7342191a43db53dd78fd') in 0.006554 seconds
Number of updated asset objects reloaded before import = 0
Number of asset objects unloaded after import = 2
========================================================================
Received Import Request.
  Time since last request: 0.000017 seconds.
  path: Assets/Textures/Chapter7/Ramp_Texture0.psd
  artifactKey: Guid(f628a9d765d21417995f27cbf8e44c2c) Importer(815301076,1909f56bfc062723c751e8b465ee728b)
Start importing Assets/Textures/Chapter7/Ramp_Texture0.psd using Guid(f628a9d765d21417995f27cbf8e44c2c) Importer(815301076,1909f56bfc062723c751e8b465ee728b)  -> (artifact id: 'b60c82fff27b709fe0f0858f3bbc13e3') in 0.006798 seconds
Number of updated asset objects reloaded before import = 0
Number of asset objects unloaded after import = 2
========================================================================
Received Import Request.
  Time since last request: 0.000066 seconds.
  path: Assets/Textures/Chapter12/sakura0.jpg
  artifactKey: Guid(d091a12384be3444c858d527bda1a23f) Importer(815301076,1909f56bfc062723c751e8b465ee728b)
Start importing Assets/Textures/Chapter12/sakura0.jpg using Guid(d091a12384be3444c858d527bda1a23f) Importer(815301076,1909f56bfc062723c751e8b465ee728b)  -> (artifact id: '58a99eac3ab18829480aa7d13c48bfb0') in 0.016471 seconds
Number of updated asset objects reloaded before import = 0
Number of asset objects unloaded after import = 3
========================================================================
Received Import Request.
  Time since last request: 0.000016 seconds.
  path: Assets/Textures/Chapter18/PBS/terrain_mudslide_01_sg.tif
  artifactKey: Guid(59c223bf0356b4ffe99eb7ebf8e079e5) Importer(815301076,1909f56bfc062723c751e8b465ee728b)
Start importing Assets/Textures/Chapter18/PBS/terrain_mudslide_01_sg.tif using Guid(59c223bf0356b4ffe99eb7ebf8e079e5) Importer(815301076,1909f56bfc062723c751e8b465ee728b)  -> (artifact id: '6ea5156673caba9a0627826f5474d80e') in 0.008212 seconds
Number of updated asset objects reloaded before import = 0
Number of asset objects unloaded after import = 2
========================================================================
Received Import Request.
  Time since last request: 0.000031 seconds.
  path: Assets/Textures/Chapter18/PBS/terrain_wetmud_01_a.tif
  artifactKey: Guid(72ba680cc909949c78530fe30a93327c) Importer(815301076,1909f56bfc062723c751e8b465ee728b)
Start importing Assets/Textures/Chapter18/PBS/terrain_wetmud_01_a.tif using Guid(72ba680cc909949c78530fe30a93327c) Importer(815301076,1909f56bfc062723c751e8b465ee728b)  -> (artifact id: '4d18046bcdf19e3458101f5f93a71d50') in 0.009027 seconds
Number of updated asset objects reloaded before import = 0
Number of asset objects unloaded after import = 2
========================================================================
Received Import Request.
  Time since last request: 0.000019 seconds.
  path: Assets/Textures/Walls/Wall01_Diffuse.tga
  artifactKey: Guid(31095fb6a0fed0d4a95df9481df488bc) Importer(815301076,1909f56bfc062723c751e8b465ee728b)
Start importing Assets/Textures/Walls/Wall01_Diffuse.tga using Guid(31095fb6a0fed0d4a95df9481df488bc) Importer(815301076,1909f56bfc062723c751e8b465ee728b)  -> (artifact id: '8f2c23b99d372aa0f3e81224a819ceeb') in 0.007195 seconds
Number of updated asset objects reloaded before import = 0
Number of asset objects unloaded after import = 2
========================================================================
Received Import Request.
  Time since last request: 0.000015 seconds.
  path: Assets/Textures/Walls/Wall02_Diffuse.png
  artifactKey: Guid(deb661f5d7075460e967c992467b67e6) Importer(815301076,1909f56bfc062723c751e8b465ee728b)
Start importing Assets/Textures/Walls/Wall02_Diffuse.png using Guid(deb661f5d7075460e967c992467b67e6) Importer(815301076,1909f56bfc062723c751e8b465ee728b)  -> (artifact id: '6aa2fb08283d53ee06c2012ece5155bd') in 0.007280 seconds
Number of updated asset objects reloaded before import = 0
Number of asset objects unloaded after import = 2
========================================================================
Received Import Request.
  Time since last request: 0.000017 seconds.
  path: Assets/Textures/Chapter7/Road_Diffuse.tga
  artifactKey: Guid(987c676a3fac2524b871781701f8fbb8) Importer(815301076,1909f56bfc062723c751e8b465ee728b)
Start importing Assets/Textures/Chapter7/Road_Diffuse.tga using Guid(987c676a3fac2524b871781701f8fbb8) Importer(815301076,1909f56bfc062723c751e8b465ee728b)  -> (artifact id: 'ab72da80082b7af930e254012ca224ad') in 0.006991 seconds
Number of updated asset objects reloaded before import = 0
Number of asset objects unloaded after import = 2
========================================================================
Received Import Request.
  Time since last request: 0.000019 seconds.
  path: Assets/Textures/Chapter8/transparent_texture.psd
  artifactKey: Guid(b267cbeeb93b04e788664246bdc46985) Importer(815301076,1909f56bfc062723c751e8b465ee728b)
Start importing Assets/Textures/Chapter8/transparent_texture.psd using Guid(b267cbeeb93b04e788664246bdc46985) Importer(815301076,1909f56bfc062723c751e8b465ee728b)  -> (artifact id: '04550d6a64b510d33d75633e19507809') in 0.007393 seconds
Number of updated asset objects reloaded before import = 0
Number of asset objects unloaded after import = 2
========================================================================
Received Import Request.
  Time since last request: 0.000022 seconds.
  path: Assets/Textures/Chapter18/PBS/terrain_mudslide_01_a.tif
  artifactKey: Guid(e7afc4e5fd0d3425f90e9e36b4012633) Importer(815301076,1909f56bfc062723c751e8b465ee728b)
Start importing Assets/Textures/Chapter18/PBS/terrain_mudslide_01_a.tif using Guid(e7afc4e5fd0d3425f90e9e36b4012633) Importer(815301076,1909f56bfc062723c751e8b465ee728b)  -> (artifact id: '021d828689ee9bd20db733d683a1fdfd') in 0.008535 seconds
Number of updated asset objects reloaded before import = 0
Number of asset objects unloaded after import = 2
========================================================================
Received Import Request.
  Time since last request: 0.000019 seconds.
  path: Assets/Textures/Chapter7/Ramp_Texture1.psd
  artifactKey: Guid(7a260a1cdf6d24bc59ee55122079d2fb) Importer(815301076,1909f56bfc062723c751e8b465ee728b)
Start importing Assets/Textures/Chapter7/Ramp_Texture1.psd using Guid(7a260a1cdf6d24bc59ee55122079d2fb) Importer(815301076,1909f56bfc062723c751e8b465ee728b)  -> (artifact id: '1643f578b1307e42d6b7ea0c2088e3bf') in 0.006219 seconds
Number of updated asset objects reloaded before import = 0
Number of asset objects unloaded after import = 2
========================================================================
Received Import Request.
  Time since last request: 0.229439 seconds.
  path: Assets/Textures/Chapter18/PBS/terrain_wetmud_01_n.tif
  artifactKey: Guid(201c3610165f141cf9bd98b7d27e32eb) Importer(815301076,1909f56bfc062723c751e8b465ee728b)
Start importing Assets/Textures/Chapter18/PBS/terrain_wetmud_01_n.tif using Guid(201c3610165f141cf9bd98b7d27e32eb) Importer(815301076,1909f56bfc062723c751e8b465ee728b)  -> (artifact id: '3c5ae4547e290d22dfe4ac6486f30e29') in 0.009363 seconds
Number of updated asset objects reloaded before import = 0
Number of asset objects unloaded after import = 2
========================================================================
Received Import Request.
  Time since last request: 0.165214 seconds.
  path: Assets/Textures/Walls/Wall02_Normal.png
  artifactKey: Guid(0bb49ed3238f54c80b8b0bcc14b68d1e) Importer(815301076,1909f56bfc062723c751e8b465ee728b)
Start importing Assets/Textures/Walls/Wall02_Normal.png using Guid(0bb49ed3238f54c80b8b0bcc14b68d1e) Importer(815301076,1909f56bfc062723c751e8b465ee728b)  -> (artifact id: '1de776f197e7326bcb8b13d605c51b83') in 0.007127 seconds
Number of updated asset objects reloaded before import = 0
Number of asset objects unloaded after import = 2
========================================================================
Received Import Request.
  Time since last request: 0.012627 seconds.
  path: Assets/Textures/Walls/Wall03_Diffuse.jpg
  artifactKey: Guid(77c0052bfe0214fb5ae5bfe242913675) Importer(815301076,1909f56bfc062723c751e8b465ee728b)
Start importing Assets/Textures/Walls/Wall03_Diffuse.jpg using Guid(77c0052bfe0214fb5ae5bfe242913675) Importer(815301076,1909f56bfc062723c751e8b465ee728b)  -> (artifact id: '43c2c773364d6853df8cfb133f806b70') in 0.008259 seconds
Number of updated asset objects reloaded before import = 0
Number of asset objects unloaded after import = 2
========================================================================
Received Import Request.
  Time since last request: 0.012550 seconds.
  path: Assets/Textures/Walls/Wall04_Diffuse.jpg
  artifactKey: Guid(1d21281d12c94442e8cd5a05f93f7bd2) Importer(815301076,1909f56bfc062723c751e8b465ee728b)
Start importing Assets/Textures/Walls/Wall04_Diffuse.jpg using Guid(1d21281d12c94442e8cd5a05f93f7bd2) Importer(815301076,1909f56bfc062723c751e8b465ee728b)  -> (artifact id: '2cb5c4b5a24a2e4fe0180a96f42e1565') in 0.007007 seconds
Number of updated asset objects reloaded before import = 0
Number of asset objects unloaded after import = 2
========================================================================
Received Import Request.
  Time since last request: 0.024857 seconds.
  path: Assets/Textures/Walls/Wall05_Normal.png
  artifactKey: Guid(c111e8298665641daabbc4bfaee19565) Importer(815301076,1909f56bfc062723c751e8b465ee728b)
Start importing Assets/Textures/Walls/Wall05_Normal.png using Guid(c111e8298665641daabbc4bfaee19565) Importer(815301076,1909f56bfc062723c751e8b465ee728b)  -> (artifact id: '21aa017757255da11c952d8c774986d8') in 0.007182 seconds
Number of updated asset objects reloaded before import = 0
Number of asset objects unloaded after import = 2
========================================================================
Received Import Request.
  Time since last request: 0.000024 seconds.
  path: Assets/Textures/Chapter7/Wall_Height.tga
  artifactKey: Guid(c2d3de74fe84f4a2286b4833aaff591c) Importer(815301076,1909f56bfc062723c751e8b465ee728b)
Start importing Assets/Textures/Chapter7/Wall_Height.tga using Guid(c2d3de74fe84f4a2286b4833aaff591c) Importer(815301076,1909f56bfc062723c751e8b465ee728b)  -> (artifact id: 'ffba9ce9f3908abaa6c98c955465c311') in 0.007088 seconds
Number of updated asset objects reloaded before import = 0
Number of asset objects unloaded after import = 2
========================================================================
Received Import Request.
  Time since last request: 0.004213 seconds.
  path: Assets/Textures/Chapter7/Wall_Normal.tga
  artifactKey: Guid(d0c2a5fb3171140199d70f156aedf6ff) Importer(815301076,1909f56bfc062723c751e8b465ee728b)
Start importing Assets/Textures/Chapter7/Wall_Normal.tga using Guid(d0c2a5fb3171140199d70f156aedf6ff) Importer(815301076,1909f56bfc062723c751e8b465ee728b)  -> (artifact id: '1e4dcf96b79badc61fcec34ba3819526') in 0.007937 seconds
Number of updated asset objects reloaded before import = 0
Number of asset objects unloaded after import = 2
========================================================================
Received Import Request.
  Time since last request: 0.003966 seconds.
  path: Assets/Textures/Chapter11/water.psd
  artifactKey: Guid(1fdd0982b3b8c4a2cb28e67913204b5b) Importer(815301076,1909f56bfc062723c751e8b465ee728b)
Start importing Assets/Textures/Chapter11/water.psd using Guid(1fdd0982b3b8c4a2cb28e67913204b5b) Importer(815301076,1909f56bfc062723c751e8b465ee728b)  -> (artifact id: '3f0c8706e9b24b2015b6740c002949ba') in 0.008058 seconds
Number of updated asset objects reloaded before import = 0
Number of asset objects unloaded after import = 2
========================================================================
Received Import Request.
  Time since last request: 0.003030 seconds.
  path: Assets/Textures/Chapter15/Water_Cubemap.cubemap
  artifactKey: Guid(61df6bd9e9b4844699368830d13b4f83) Importer(815301076,1909f56bfc062723c751e8b465ee728b)
Start importing Assets/Textures/Chapter15/Water_Cubemap.cubemap using Guid(61df6bd9e9b4844699368830d13b4f83) Importer(815301076,1909f56bfc062723c751e8b465ee728b)  -> (artifact id: 'b9d14cab3f4352729902f5a6a03e5014') in 0.017944 seconds
Number of updated asset objects reloaded before import = 0
Number of asset objects unloaded after import = 1
========================================================================
Received Import Request.
  Time since last request: 0.000031 seconds.
  path: Assets/Textures/Chapter18/PBS/wood_d.tif
  artifactKey: Guid(a40faa3a9f847e349a5101d9964f41a6) Importer(815301076,1909f56bfc062723c751e8b465ee728b)
Start importing Assets/Textures/Chapter18/PBS/wood_d.tif using Guid(a40faa3a9f847e349a5101d9964f41a6) Importer(815301076,1909f56bfc062723c751e8b465ee728b)  -> (artifact id: '12abff97f0a38388ca5598ee67c09e09') in 0.009162 seconds
Number of updated asset objects reloaded before import = 0
Number of asset objects unloaded after import = 2
========================================================================
Received Import Request.
  Time since last request: 0.000301 seconds.
  path: Assets/Textures/Chapter18/PBS/wood_n.tif
  artifactKey: Guid(43635ddb510623846a23745c53c02fad) Importer(815301076,1909f56bfc062723c751e8b465ee728b)
Start importing Assets/Textures/Chapter18/PBS/wood_n.tif using Guid(43635ddb510623846a23745c53c02fad) Importer(815301076,1909f56bfc062723c751e8b465ee728b)  -> (artifact id: '34449bb1c1a025bbaec7f3622916eaa3') in 0.008500 seconds
Number of updated asset objects reloaded before import = 0
Number of asset objects unloaded after import = 2
========================================================================
Received Import Request.
  Time since last request: 0.003367 seconds.
  path: Assets/Textures/Chapter18/PBS/wood_tiled_02_a.tif
  artifactKey: Guid(69c23a9535a4c2143bdfda7b563b993a) Importer(815301076,1909f56bfc062723c751e8b465ee728b)
Start importing Assets/Textures/Chapter18/PBS/wood_tiled_02_a.tif using Guid(69c23a9535a4c2143bdfda7b563b993a) Importer(815301076,1909f56bfc062723c751e8b465ee728b)  -> (artifact id: '2264cabd45c338cb3e4d19e843a61cab') in 0.008569 seconds
Number of updated asset objects reloaded before import = 0
Number of asset objects unloaded after import = 2
========================================================================
Received Import Request.
  Time since last request: 0.002783 seconds.
  path: Assets/Textures/Chapter18/PBS/wood_tiled_02_n.tif
  artifactKey: Guid(017469a3ea9ca3e4ea89e14f79a6e221) Importer(815301076,1909f56bfc062723c751e8b465ee728b)
Start importing Assets/Textures/Chapter18/PBS/wood_tiled_02_n.tif using Guid(017469a3ea9ca3e4ea89e14f79a6e221) Importer(815301076,1909f56bfc062723c751e8b465ee728b)  -> (artifact id: '61d81d1bfe9e61876bfa347a3723102e') in 0.021481 seconds
Number of updated asset objects reloaded before import = 0
Number of asset objects unloaded after import = 2
========================================================================
Received Prepare
Begin MonoManager ReloadAssembly
- Loaded All Assemblies, in  0.339 seconds
Refreshing native plugins compatible for Editor in 2.41 ms, found 3 plugins.
Native extension for WindowsStandalone target not found
Native extension for WebGL target not found
[Package Manager] Server::EnsureServerProcessIsRunning -- launch failed, reason: Unity was launched with the -noUpm command-line argument
[Package Manager] UpmClient::Send -- Unable to send message (not connected to UPM process).
[Package Manager] Cannot connect to Unity Package Manager local server
Mono: successfully reloaded assembly
- Finished resetting the current domain, in  0.944 seconds
Domain Reload Profiling: 1279ms
	BeginReloadAssembly (123ms)
		ExecutionOrderSort (0ms)
		DisableScriptedObjects (3ms)
		BackupInstance (0ms)
		ReleaseScriptingObjects (0ms)
		CreateAndSetChildDomain (32ms)
	RebuildCommonClasses (20ms)
	RebuildNativeTypeToScriptingClass (8ms)
	initialDomainReloadingComplete (24ms)
	LoadAllAssembliesAndSetupDomain (160ms)
		LoadAssemblies (211ms)
		RebuildTransferFunctionScriptingTraits (0ms)
		AnalyzeDomain (10ms)
			TypeCache.Refresh (4ms)
				TypeCache.ScanAssembly (0ms)
			ScanForSourceGeneratedMonoScriptInfo (0ms)
			ResolveRequiredComponents (4ms)
	FinalizeReload (944ms)
		ReleaseScriptCaches (0ms)
		RebuildScriptCaches (0ms)
		SetupLoadedEditorAssemblies (337ms)
			LogAssemblyErrors (0ms)
			InitializePlatformSupportModulesInManaged (4ms)
			SetLoadedEditorAssemblies (3ms)
			RefreshPlugins (0ms)
			BeforeProcessingInitializeOnLoad (39ms)
			ProcessInitializeOnLoadAttributes (273ms)
			ProcessInitializeOnLoadMethodAttributes (12ms)
			AfterProcessingInitializeOnLoad (7ms)
			EditorAssembliesLoaded (0ms)
		ExecutionOrderSort2 (0ms)
		AwakeInstancesAfterBackupRestoration (6ms)
Refreshing native plugins compatible for Editor in 3.07 ms, found 3 plugins.
Preloading 0 native plugins for Editor in 0.00 ms.
Unloading 3074 Unused Serialized files (Serialized files now loaded: 0)
Unloading 23 unused Assets / (69.0 KB). Loaded Objects now: 3618.
Memory consumption went from 120.7 MB to 120.6 MB.
Total: 3.341100 ms (FindLiveObjects: 0.284200 ms CreateObjectMapping: 0.060400 ms MarkObjects: 2.893800 ms  DeleteObjects: 0.101600 ms)

Prepare: number of updated asset objects reloaded= 0
AssetImportParameters requested are different than current active one (requested -> active):
  custom:container-demuxer-ogg: 62fdf1f143b41e24485cea50d1cbac27 -> 
  custom:video-codec-MediaFoundation-h265: 746d11721c4dcdbdad8f713fa42b33f4 -> 
  custom:video-decoder-ogg-theora: a1e56fd34408186e4bbccfd4996cb3dc -> 
  custom:framework-win-MediaFoundation: 216162199b28c13a410421893ffa2e32 -> 
  custom:CustomObjectIndexerAttribute: 756ad292c208cfabdd7b50bc23989ffe -> 
  custom:container-demuxer-webm: 4f35f7cbe854078d1ac9338744f61a02 -> 
  custom:container-muxer-webm: aa71ff27fc2769a1b78a27578f13a17b -> 
  custom:video-decoder-webm-vp8: 9c59270c3fd7afecdb556c50c9e8de78 -> 
  custom:SearchIndexIgnoredProperties: e643bd26f0fe6173181afceb89e7c659 -> 
  custom:AudioImporter_EditorPlatform: d09bf68614088b80899f8185d706f6e7 -> 
  custom:video-encoder-webm-vp8: eb34c28f22e8b96e1ab97ce403110664 -> 
  custom:audio-decoder-ogg-vorbis: bf7c407c2cedff20999df2af8eb42d56 -> 
  custom:audio-encoder-webm-vorbis: bf7c407c2cedff20999df2af8eb42d56 -> 
========================================================================
Received Import Request.
  Time since last request: 72.721149 seconds.
  path: Assets/Textures/Objects/Sphere_Diffuse.JPG
  artifactKey: Guid(7449f5cbb271545ae8c01f31a15d1182) Importer(815301076,1909f56bfc062723c751e8b465ee728b)
Start importing Assets/Textures/Objects/Sphere_Diffuse.JPG using Guid(7449f5cbb271545ae8c01f31a15d1182) Importer(815301076,1909f56bfc062723c751e8b465ee728b)  -> (artifact id: 'e042ad5bbafe50fc9408a413f63f0b0c') in 0.028920 seconds
Number of updated asset objects reloaded before import = 0
Number of asset objects unloaded after import = 2
========================================================================
Received Import Request.
  Time since last request: 0.001663 seconds.
  path: Assets/Textures/Objects/Sphere_Normal.JPG
  artifactKey: Guid(e22a3798ae91e4e1b8ba34967f4b40ed) Importer(815301076,1909f56bfc062723c751e8b465ee728b)
Start importing Assets/Textures/Objects/Sphere_Normal.JPG using Guid(e22a3798ae91e4e1b8ba34967f4b40ed) Importer(815301076,1909f56bfc062723c751e8b465ee728b)  -> (artifact id: 'd5e0ba6ad3fbd66580940b2e02e70f34') in 0.007831 seconds
Number of updated asset objects reloaded before import = 0
Number of asset objects unloaded after import = 2
========================================================================
Received Import Request.
  Time since last request: 0.129135 seconds.
  path: Assets/Textures/Chapter11/star.png
  artifactKey: Guid(d663cbf1769164424a7149b62663a465) Importer(815301076,1909f56bfc062723c751e8b465ee728b)
Start importing Assets/Textures/Chapter11/star.png using Guid(d663cbf1769164424a7149b62663a465) Importer(815301076,1909f56bfc062723c751e8b465ee728b)  -> (artifact id: '3ef5e975f1b34754ad8ca66c76c95f97') in 0.007343 seconds
Number of updated asset objects reloaded before import = 0
Number of asset objects unloaded after import = 2
========================================================================
Received Import Request.
  Time since last request: 0.000018 seconds.
  path: Assets/Textures/Chapter18/PBS/terrain_grass_01_a.tif
  artifactKey: Guid(58089fc2b5b754fdfa1ba1e10b602c16) Importer(815301076,1909f56bfc062723c751e8b465ee728b)
Start importing Assets/Textures/Chapter18/PBS/terrain_grass_01_a.tif using Guid(58089fc2b5b754fdfa1ba1e10b602c16) Importer(815301076,1909f56bfc062723c751e8b465ee728b)  -> (artifact id: '4405384e3c2c68fe6f65edf4ad0896fe') in 0.008864 seconds
Number of updated asset objects reloaded before import = 0
Number of asset objects unloaded after import = 2
========================================================================
Received Import Request.
  Time since last request: 0.021533 seconds.
  path: Assets/Textures/Chapter18/PBS/terrain_grass_01_n.tif
  artifactKey: Guid(537b8aee1e26f4d6597e0bf556299f58) Importer(815301076,1909f56bfc062723c751e8b465ee728b)
Start importing Assets/Textures/Chapter18/PBS/terrain_grass_01_n.tif using Guid(537b8aee1e26f4d6597e0bf556299f58) Importer(815301076,1909f56bfc062723c751e8b465ee728b)  -> (artifact id: '3b8c3052cfb337f28d9dfe18edb6c850') in 0.008307 seconds
Number of updated asset objects reloaded before import = 0
Number of asset objects unloaded after import = 2
