Using pre-set license
Built from '2022.3/china_unity/release' branch; Version is '2022.3.8f1c1 (4ec8ee1b2212) revision 5163246'; Using compiler version '192829333'; Build Type 'Release'
OS: 'Windows 11  (10.0.22621) 64bit CoreCountrySpecific' Language: 'zh' Physical Memory: 15585 MB
BatchMode: 1, IsHumanControllingUs: 0, StartBugReporterOnCrash: 0, Is64bit: 1, IsPro: 1

COMMAND LINE ARGUMENTS:
C:\tmp\2022.3.8f1c1\Editor\Unity.exe
-adb2
-batchMode
-noUpm
-name
AssetImportWorker0
-projectPath
D:/project/games103boss-master
-logFile
Logs/AssetImportWorker0.log
-srvPort
63606
Successfully changed project path to: D:/project/games103boss-master
D:/project/games103boss-master
[UnityMemory] Configuration Parameters - Can be set up in boot.config
    "memorysetup-bucket-allocator-granularity=16"
    "memorysetup-bucket-allocator-bucket-count=8"
    "memorysetup-bucket-allocator-block-size=33554432"
    "memorysetup-bucket-allocator-block-count=8"
    "memorysetup-main-allocator-block-size=16777216"
    "memorysetup-thread-allocator-block-size=16777216"
    "memorysetup-gfx-main-allocator-block-size=16777216"
    "memorysetup-gfx-thread-allocator-block-size=16777216"
    "memorysetup-cache-allocator-block-size=4194304"
    "memorysetup-typetree-allocator-block-size=2097152"
    "memorysetup-profiler-bucket-allocator-granularity=16"
    "memorysetup-profiler-bucket-allocator-bucket-count=8"
    "memorysetup-profiler-bucket-allocator-block-size=33554432"
    "memorysetup-profiler-bucket-allocator-block-count=8"
    "memorysetup-profiler-allocator-block-size=16777216"
    "memorysetup-profiler-editor-allocator-block-size=1048576"
    "memorysetup-temp-allocator-size-main=16777216"
    "memorysetup-job-temp-allocator-block-size=2097152"
    "memorysetup-job-temp-allocator-block-size-background=1048576"
    "memorysetup-job-temp-allocator-reduction-small-platforms=262144"
    "memorysetup-allocator-temp-initial-block-size-main=262144"
    "memorysetup-allocator-temp-initial-block-size-worker=262144"
    "memorysetup-temp-allocator-size-background-worker=32768"
    "memorysetup-temp-allocator-size-job-worker=262144"
    "memorysetup-temp-allocator-size-preload-manager=33554432"
    "memorysetup-temp-allocator-size-nav-mesh-worker=65536"
    "memorysetup-temp-allocator-size-audio-worker=65536"
    "memorysetup-temp-allocator-size-cloud-worker=32768"
    "memorysetup-temp-allocator-size-gi-baking-worker=262144"
    "memorysetup-temp-allocator-size-gfx=262144"
Player connection [55012] Host "[IP] 192.168.56.1 [Port] 0 [Flags] 2 [Guid] 693544300 [EditorId] 693544300 [Version] 1048832 [Id] WindowsEditor(7,LAPTOP-UG16INE7) [Debug] 1 [PackageName] WindowsEditor [ProjectName] Editor" joined multi-casting on [225.0.0.222:54997]...

Player connection [55012] Host "[IP] 192.168.56.1 [Port] 0 [Flags] 2 [Guid] 693544300 [EditorId] 693544300 [Version] 1048832 [Id] WindowsEditor(7,LAPTOP-UG16INE7) [Debug] 1 [PackageName] WindowsEditor [ProjectName] Editor" joined alternative multi-casting on [225.0.0.222:34997]...

[Physics::Module] Initialized MultithreadedJobDispatcher with 15 workers.
Refreshing native plugins compatible for Editor in 10.54 ms, found 3 plugins.
Preloading 0 native plugins for Editor in 0.00 ms.
Initialize engine version: 2022.3.8f1c1 (4ec8ee1b2212)
[Subsystems] Discovering subsystems at path C:/tmp/2022.3.8f1c1/Editor/Data/Resources/UnitySubsystems
[Subsystems] Discovering subsystems at path D:/project/games103boss-master/Assets
GfxDevice: creating device client; threaded=0; jobified=0
Direct3D:
    Version:  Direct3D 11.0 [level 11.1]
    Renderer: NVIDIA GeForce RTX 4060 Laptop GPU (ID=0x28e0)
    Vendor:   NVIDIA
    VRAM:     7971 MB
    Driver:   31.0.15.3713
Initialize mono
Mono path[0] = 'C:/tmp/2022.3.8f1c1/Editor/Data/Managed'
Mono path[1] = 'C:/tmp/2022.3.8f1c1/Editor/Data/MonoBleedingEdge/lib/mono/unityjit-win32'
Mono config path = 'C:/tmp/2022.3.8f1c1/Editor/Data/MonoBleedingEdge/etc'
Using monoOptions --debugger-agent=transport=dt_socket,embedding=1,server=y,suspend=n,address=127.0.0.1:56864
Begin MonoManager ReloadAssembly
Registering precompiled unity dll's ...
Register platform support module: C:/tmp/2022.3.8f1c1/Editor/Data/PlaybackEngines/WebGLSupport/UnityEditor.WebGL.Extensions.dll
Register platform support module: C:/tmp/2022.3.8f1c1/Editor/Data/PlaybackEngines/WindowsStandaloneSupport/UnityEditor.WindowsStandalone.Extensions.dll
Registered in 0.009247 seconds.
- Loaded All Assemblies, in  0.235 seconds
Native extension for WindowsStandalone target not found
Native extension for WebGL target not found
Mono: successfully reloaded assembly
- Finished resetting the current domain, in  0.160 seconds
Domain Reload Profiling: 393ms
	BeginReloadAssembly (72ms)
		ExecutionOrderSort (0ms)
		DisableScriptedObjects (0ms)
		BackupInstance (0ms)
		ReleaseScriptingObjects (0ms)
		CreateAndSetChildDomain (0ms)
	RebuildCommonClasses (22ms)
	RebuildNativeTypeToScriptingClass (6ms)
	initialDomainReloadingComplete (44ms)
	LoadAllAssembliesAndSetupDomain (87ms)
		LoadAssemblies (70ms)
		RebuildTransferFunctionScriptingTraits (0ms)
		AnalyzeDomain (86ms)
			TypeCache.Refresh (85ms)
				TypeCache.ScanAssembly (77ms)
			ScanForSourceGeneratedMonoScriptInfo (0ms)
			ResolveRequiredComponents (0ms)
	FinalizeReload (161ms)
		ReleaseScriptCaches (0ms)
		RebuildScriptCaches (0ms)
		SetupLoadedEditorAssemblies (124ms)
			LogAssemblyErrors (0ms)
			InitializePlatformSupportModulesInManaged (6ms)
			SetLoadedEditorAssemblies (3ms)
			RefreshPlugins (0ms)
			BeforeProcessingInitializeOnLoad (1ms)
			ProcessInitializeOnLoadAttributes (79ms)
			ProcessInitializeOnLoadMethodAttributes (34ms)
			AfterProcessingInitializeOnLoad (0ms)
			EditorAssembliesLoaded (0ms)
		ExecutionOrderSort2 (0ms)
		AwakeInstancesAfterBackupRestoration (0ms)
========================================================================
Worker process is ready to serve import requests
Begin MonoManager ReloadAssembly
- Loaded All Assemblies, in  0.457 seconds
Refreshing native plugins compatible for Editor in 2.04 ms, found 3 plugins.
Native extension for WindowsStandalone target not found
Native extension for WebGL target not found
Package Manager log level set to [2]
[Package Manager] Server::EnsureServerProcessIsRunning -- launch failed, reason: Unity was launched with the -noUpm command-line argument
[Package Manager] UpmClient::Send -- Unable to send message (not connected to UPM process).
[Package Manager] Cannot connect to Unity Package Manager local server
Mono: successfully reloaded assembly
- Finished resetting the current domain, in  0.447 seconds
Domain Reload Profiling: 901ms
	BeginReloadAssembly (109ms)
		ExecutionOrderSort (0ms)
		DisableScriptedObjects (3ms)
		BackupInstance (0ms)
		ReleaseScriptingObjects (0ms)
		CreateAndSetChildDomain (18ms)
	RebuildCommonClasses (19ms)
	RebuildNativeTypeToScriptingClass (7ms)
	initialDomainReloadingComplete (31ms)
	LoadAllAssembliesAndSetupDomain (287ms)
		LoadAssemblies (233ms)
		RebuildTransferFunctionScriptingTraits (0ms)
		AnalyzeDomain (116ms)
			TypeCache.Refresh (104ms)
				TypeCache.ScanAssembly (94ms)
			ScanForSourceGeneratedMonoScriptInfo (9ms)
			ResolveRequiredComponents (2ms)
	FinalizeReload (448ms)
		ReleaseScriptCaches (0ms)
		RebuildScriptCaches (0ms)
		SetupLoadedEditorAssemblies (350ms)
			LogAssemblyErrors (0ms)
			InitializePlatformSupportModulesInManaged (5ms)
			SetLoadedEditorAssemblies (2ms)
			RefreshPlugins (0ms)
			BeforeProcessingInitializeOnLoad (42ms)
			ProcessInitializeOnLoadAttributes (282ms)
			ProcessInitializeOnLoadMethodAttributes (11ms)
			AfterProcessingInitializeOnLoad (8ms)
			EditorAssembliesLoaded (0ms)
		ExecutionOrderSort2 (0ms)
		AwakeInstancesAfterBackupRestoration (5ms)
Launched and connected shader compiler UnityShaderCompiler.exe after 0.06 seconds
Refreshing native plugins compatible for Editor in 3.91 ms, found 3 plugins.
Preloading 0 native plugins for Editor in 0.00 ms.
Unloading 3079 Unused Serialized files (Serialized files now loaded: 0)
Unloading 31 unused Assets / (56.7 KB). Loaded Objects now: 3546.
Memory consumption went from 116.7 MB to 116.7 MB.
Total: 3.020400 ms (FindLiveObjects: 0.236600 ms CreateObjectMapping: 0.059400 ms MarkObjects: 2.623900 ms  DeleteObjects: 0.099400 ms)

AssetImportParameters requested are different than current active one (requested -> active):
  custom:container-demuxer-ogg: 62fdf1f143b41e24485cea50d1cbac27 -> 
  custom:video-codec-MediaFoundation-h265: 746d11721c4dcdbdad8f713fa42b33f4 -> 
  custom:video-decoder-ogg-theora: a1e56fd34408186e4bbccfd4996cb3dc -> 
  custom:framework-win-MediaFoundation: 216162199b28c13a410421893ffa2e32 -> 
  custom:CustomObjectIndexerAttribute: 756ad292c208cfabdd7b50bc23989ffe -> 
  custom:container-demuxer-webm: 4f35f7cbe854078d1ac9338744f61a02 -> 
  custom:container-muxer-webm: aa71ff27fc2769a1b78a27578f13a17b -> 
  custom:video-decoder-webm-vp8: 9c59270c3fd7afecdb556c50c9e8de78 -> 
  custom:SearchIndexIgnoredProperties: e643bd26f0fe6173181afceb89e7c659 -> 
  custom:AudioImporter_EditorPlatform: d09bf68614088b80899f8185d706f6e7 -> 
  custom:video-encoder-webm-vp8: eb34c28f22e8b96e1ab97ce403110664 -> 
  custom:audio-decoder-ogg-vorbis: bf7c407c2cedff20999df2af8eb42d56 -> 
  custom:audio-encoder-webm-vorbis: bf7c407c2cedff20999df2af8eb42d56 -> 
========================================================================
Received Import Request.
  Time since last request: 2826463.286259 seconds.
  path: Assets/Shader/EdgeDetection.cs
  artifactKey: Guid(ec5bfa8c894441d4ea810e9c682ae9e2) Importer(815301076,1909f56bfc062723c751e8b465ee728b)
Start importing Assets/Shader/EdgeDetection.cs using Guid(ec5bfa8c894441d4ea810e9c682ae9e2) Importer(815301076,1909f56bfc062723c751e8b465ee728b)  -> (artifact id: 'f5d8afcf73490dc971284bfca002052a') in 0.002028 seconds
Number of updated asset objects reloaded before import = 0
Number of asset objects unloaded after import = 0
========================================================================
Received Prepare
Begin MonoManager ReloadAssembly
- Loaded All Assemblies, in  0.844 seconds
Refreshing native plugins compatible for Editor in 3.40 ms, found 3 plugins.
Native extension for WindowsStandalone target not found
Native extension for WebGL target not found
[Package Manager] Server::EnsureServerProcessIsRunning -- launch failed, reason: Unity was launched with the -noUpm command-line argument
[Package Manager] UpmClient::Send -- Unable to send message (not connected to UPM process).
[Package Manager] Cannot connect to Unity Package Manager local server
Mono: successfully reloaded assembly
- Finished resetting the current domain, in  1.225 seconds
Domain Reload Profiling: 2064ms
	BeginReloadAssembly (434ms)
		ExecutionOrderSort (0ms)
		DisableScriptedObjects (6ms)
		BackupInstance (0ms)
		ReleaseScriptingObjects (3ms)
		CreateAndSetChildDomain (91ms)
	RebuildCommonClasses (50ms)
	RebuildNativeTypeToScriptingClass (11ms)
	initialDomainReloadingComplete (54ms)
	LoadAllAssembliesAndSetupDomain (289ms)
		LoadAssemblies (538ms)
		RebuildTransferFunctionScriptingTraits (0ms)
		AnalyzeDomain (20ms)
			TypeCache.Refresh (6ms)
				TypeCache.ScanAssembly (0ms)
			ScanForSourceGeneratedMonoScriptInfo (8ms)
			ResolveRequiredComponents (4ms)
	FinalizeReload (1226ms)
		ReleaseScriptCaches (0ms)
		RebuildScriptCaches (0ms)
		SetupLoadedEditorAssemblies (449ms)
			LogAssemblyErrors (0ms)
			InitializePlatformSupportModulesInManaged (6ms)
			SetLoadedEditorAssemblies (3ms)
			RefreshPlugins (0ms)
			BeforeProcessingInitializeOnLoad (48ms)
			ProcessInitializeOnLoadAttributes (371ms)
			ProcessInitializeOnLoadMethodAttributes (14ms)
			AfterProcessingInitializeOnLoad (8ms)
			EditorAssembliesLoaded (0ms)
		ExecutionOrderSort2 (0ms)
		AwakeInstancesAfterBackupRestoration (8ms)
Refreshing native plugins compatible for Editor in 3.49 ms, found 3 plugins.
Preloading 0 native plugins for Editor in 0.00 ms.
Unloading 3071 Unused Serialized files (Serialized files now loaded: 0)
Unloading 22 unused Assets / (30.5 KB). Loaded Objects now: 3550.
Memory consumption went from 115.3 MB to 115.3 MB.
Total: 6.128500 ms (FindLiveObjects: 0.358200 ms CreateObjectMapping: 0.102100 ms MarkObjects: 5.571800 ms  DeleteObjects: 0.095100 ms)

Prepare: number of updated asset objects reloaded= 0
AssetImportParameters requested are different than current active one (requested -> active):
  custom:container-demuxer-ogg: 62fdf1f143b41e24485cea50d1cbac27 -> 
  custom:video-codec-MediaFoundation-h265: 746d11721c4dcdbdad8f713fa42b33f4 -> 
  custom:video-decoder-ogg-theora: a1e56fd34408186e4bbccfd4996cb3dc -> 
  custom:framework-win-MediaFoundation: 216162199b28c13a410421893ffa2e32 -> 
  custom:CustomObjectIndexerAttribute: 756ad292c208cfabdd7b50bc23989ffe -> 
  custom:container-demuxer-webm: 4f35f7cbe854078d1ac9338744f61a02 -> 
  custom:container-muxer-webm: aa71ff27fc2769a1b78a27578f13a17b -> 
  custom:video-decoder-webm-vp8: 9c59270c3fd7afecdb556c50c9e8de78 -> 
  custom:SearchIndexIgnoredProperties: e643bd26f0fe6173181afceb89e7c659 -> 
  custom:AudioImporter_EditorPlatform: d09bf68614088b80899f8185d706f6e7 -> 
  custom:video-encoder-webm-vp8: eb34c28f22e8b96e1ab97ce403110664 -> 
  custom:audio-decoder-ogg-vorbis: bf7c407c2cedff20999df2af8eb42d56 -> 
  custom:audio-encoder-webm-vorbis: bf7c407c2cedff20999df2af8eb42d56 -> 
========================================================================
Received Import Request.
  Time since last request: 10.122537 seconds.
  path: Assets/Shader/EdgeDetection.cs
  artifactKey: Guid(ec5bfa8c894441d4ea810e9c682ae9e2) Importer(815301076,1909f56bfc062723c751e8b465ee728b)
Start importing Assets/Shader/EdgeDetection.cs using Guid(ec5bfa8c894441d4ea810e9c682ae9e2) Importer(815301076,1909f56bfc062723c751e8b465ee728b)  -> (artifact id: 'b9121a11dddcbd2d298c534bffd17d57') in 0.002132 seconds
Number of updated asset objects reloaded before import = 0
Number of asset objects unloaded after import = 0
========================================================================
Received Import Request.
  Time since last request: 7.187237 seconds.
  path: Assets/Shader/EdgeDetection.cs
  artifactKey: Guid(ec5bfa8c894441d4ea810e9c682ae9e2) Importer(815301076,1909f56bfc062723c751e8b465ee728b)
Start importing Assets/Shader/EdgeDetection.cs using Guid(ec5bfa8c894441d4ea810e9c682ae9e2) Importer(815301076,1909f56bfc062723c751e8b465ee728b)  -> (artifact id: 'ff15a8b3360d6460cf7e1f1cbdf84c40') in 0.000477 seconds
Number of updated asset objects reloaded before import = 0
Number of asset objects unloaded after import = 0
========================================================================
Received Import Request.
  Time since last request: 4.998214 seconds.
  path: Assets/Shader/EdgeDetection.shader.cs
  artifactKey: Guid(ec5bfa8c894441d4ea810e9c682ae9e2) Importer(815301076,1909f56bfc062723c751e8b465ee728b)
Start importing Assets/Shader/EdgeDetection.shader.cs using Guid(ec5bfa8c894441d4ea810e9c682ae9e2) Importer(815301076,1909f56bfc062723c751e8b465ee728b)  -> (artifact id: '008677e21af780e1104cecf1d902f3f7') in 0.000424 seconds
Number of updated asset objects reloaded before import = 0
Number of asset objects unloaded after import = 0
========================================================================
Received Import Request.
  Time since last request: 32.833330 seconds.
  path: Assets/Shader/EdgeDetection.shader
  artifactKey: Guid(ec5bfa8c894441d4ea810e9c682ae9e2) Importer(815301076,1909f56bfc062723c751e8b465ee728b)
Start importing Assets/Shader/EdgeDetection.shader using Guid(ec5bfa8c894441d4ea810e9c682ae9e2) Importer(815301076,1909f56bfc062723c751e8b465ee728b)  -> (artifact id: '077c23ef457c00ef11278d707faf2974') in 0.007980 seconds
Number of updated asset objects reloaded before import = 0
Number of asset objects unloaded after import = 1
========================================================================
Received Import Request.
  Time since last request: 15.272239 seconds.
  path: Assets/Material
  artifactKey: Guid(fddc9106e4c37fd4b801227c171a269a) Importer(815301076,1909f56bfc062723c751e8b465ee728b)
Start importing Assets/Material using Guid(fddc9106e4c37fd4b801227c171a269a) Importer(815301076,1909f56bfc062723c751e8b465ee728b)  -> (artifact id: '3f0e48a994cb9d032bd45286bc74fc73') in 0.000713 seconds
Number of updated asset objects reloaded before import = 0
Number of asset objects unloaded after import = 0
========================================================================
Received Import Request.
  Time since last request: 48.775573 seconds.
  path: Assets/prefabs/bunny.prefab
  artifactKey: Guid(3fd0deb6073244c40be38a8053071f20) Importer(815301076,1909f56bfc062723c751e8b465ee728b)
Start importing Assets/prefabs/bunny.prefab using Guid(3fd0deb6073244c40be38a8053071f20) Importer(815301076,1909f56bfc062723c751e8b465ee728b)  -> (artifact id: '5379088a017cbf3de17c4fae69033d94') in 0.074291 seconds
Number of updated asset objects reloaded before import = 0
Number of asset objects unloaded after import = 24
========================================================================
Received Import Request.
  Time since last request: 3.269156 seconds.
  path: Assets/Shader/EdgeDetection.shader
  artifactKey: Guid(ec5bfa8c894441d4ea810e9c682ae9e2) Importer(815301076,1909f56bfc062723c751e8b465ee728b)
Start importing Assets/Shader/EdgeDetection.shader using Guid(ec5bfa8c894441d4ea810e9c682ae9e2) Importer(815301076,1909f56bfc062723c751e8b465ee728b)  -> (artifact id: '871ba83956f9efe8b428980a715a5fdf') in 0.001106 seconds
Number of updated asset objects reloaded before import = 0
Number of asset objects unloaded after import = 1
========================================================================
Received Import Request.
  Time since last request: 44.518385 seconds.
  path: Assets/Shader/EdgeDetection.cs
  artifactKey: Guid(37d840595f2c8cc4ca659aaa10f46f73) Importer(815301076,1909f56bfc062723c751e8b465ee728b)
Start importing Assets/Shader/EdgeDetection.cs using Guid(37d840595f2c8cc4ca659aaa10f46f73) Importer(815301076,1909f56bfc062723c751e8b465ee728b)  -> (artifact id: 'ae0d8d8b524d415c7e3dce9afb979d06') in 0.000454 seconds
Number of updated asset objects reloaded before import = 0
Number of asset objects unloaded after import = 0
========================================================================
Received Import Request.
  Time since last request: 29.039840 seconds.
  path: Assets/Shader/EdgeDetection.cs
  artifactKey: Guid(37d840595f2c8cc4ca659aaa10f46f73) Importer(815301076,1909f56bfc062723c751e8b465ee728b)
Start importing Assets/Shader/EdgeDetection.cs using Guid(37d840595f2c8cc4ca659aaa10f46f73) Importer(815301076,1909f56bfc062723c751e8b465ee728b)  -> (artifact id: '0e795d1fe367621de4fe11fadb140f38') in 0.000628 seconds
Number of updated asset objects reloaded before import = 0
Number of asset objects unloaded after import = 0
========================================================================
Received Import Request.
  Time since last request: 31.472751 seconds.
  path: Assets/Shader/EdgeDetection.cs
  artifactKey: Guid(37d840595f2c8cc4ca659aaa10f46f73) Importer(815301076,1909f56bfc062723c751e8b465ee728b)
Start importing Assets/Shader/EdgeDetection.cs using Guid(37d840595f2c8cc4ca659aaa10f46f73) Importer(815301076,1909f56bfc062723c751e8b465ee728b)  -> (artifact id: '6868e1b41564cc3f5d7e916d3dfada42') in 0.000584 seconds
Number of updated asset objects reloaded before import = 0
Number of asset objects unloaded after import = 0
========================================================================
Received Import Request.
  Time since last request: 55.894412 seconds.
  path: Assets/Shader/PostEffecteBase.cs
  artifactKey: Guid(fa93b8fab48114f4aba310fb8e404746) Importer(815301076,1909f56bfc062723c751e8b465ee728b)
Start importing Assets/Shader/PostEffecteBase.cs using Guid(fa93b8fab48114f4aba310fb8e404746) Importer(815301076,1909f56bfc062723c751e8b465ee728b)  -> (artifact id: '54f1498f1dd303add69cd205d5ac90cf') in 0.000639 seconds
Number of updated asset objects reloaded before import = 0
Number of asset objects unloaded after import = 0
========================================================================
Received Import Request.
  Time since last request: 22.562964 seconds.
  path: Assets/Shader/PostEffectesBase.cs
  artifactKey: Guid(fa93b8fab48114f4aba310fb8e404746) Importer(815301076,1909f56bfc062723c751e8b465ee728b)
Start importing Assets/Shader/PostEffectesBase.cs using Guid(fa93b8fab48114f4aba310fb8e404746) Importer(815301076,1909f56bfc062723c751e8b465ee728b)  -> (artifact id: '7176cf50dff88c90b183e05526c030d8') in 0.000583 seconds
Number of updated asset objects reloaded before import = 0
Number of asset objects unloaded after import = 0
========================================================================
Received Import Request.
  Time since last request: 27.700242 seconds.
  path: Assets/Shader/EdgeDetection.cs
  artifactKey: Guid(37d840595f2c8cc4ca659aaa10f46f73) Importer(815301076,1909f56bfc062723c751e8b465ee728b)
Start importing Assets/Shader/EdgeDetection.cs using Guid(37d840595f2c8cc4ca659aaa10f46f73) Importer(815301076,1909f56bfc062723c751e8b465ee728b)  -> (artifact id: 'f54c81281599643f0cf6e69e1fcf2d9d') in 0.000488 seconds
Number of updated asset objects reloaded before import = 0
Number of asset objects unloaded after import = 0
========================================================================
Received Import Request.
  Time since last request: 34.268036 seconds.
  path: Assets/Shader/EdgeDetection.cs
  artifactKey: Guid(37d840595f2c8cc4ca659aaa10f46f73) Importer(815301076,1909f56bfc062723c751e8b465ee728b)
Start importing Assets/Shader/EdgeDetection.cs using Guid(37d840595f2c8cc4ca659aaa10f46f73) Importer(815301076,1909f56bfc062723c751e8b465ee728b)  -> (artifact id: '1dd9071b57fd655b3f342d80a1175810') in 0.000719 seconds
Number of updated asset objects reloaded before import = 0
Number of asset objects unloaded after import = 0
